#
# There is insufficient memory for the Java Runtime Environment to continue.
# Native memory allocation (malloc) failed to allocate 93776 bytes for Chunk::new
# Possible reasons:
#   The system is out of physical RAM or swap space
#   In 32 bit mode, the process size limit was hit
# Possible solutions:
#   Reduce memory load on the system
#   Increase physical memory or swap space
#   Check if swap backing store is full
#   Use 64 bit Java on a 64 bit OS
#   Decrease Java heap size (-Xmx/-Xms)
#   Decrease number of Java threads
#   Decrease Java thread stack sizes (-Xss)
#   Set larger code cache with -XX:ReservedCodeCacheSize=
# This output file may be truncated or incomplete.
#
#  Out of Memory Error (allocation.cpp:390), pid=6212, tid=1988
#
# JRE version: Java(TM) SE Runtime Environment (8.0_66-b17) (build 1.8.0_66-b17)
# Java VM: Java HotSpot(TM) 64-Bit Server VM (25.66-b17 mixed mode windows-amd64 compressed oops)
# Failed to write core dump. Minidumps are not enabled by default on client versions of Windows
#

---------------  T H R E A D  ---------------

Current thread (0x0000000016ed7000):  JavaThread "C2 CompilerThread0" daemon [_thread_in_native, id=1988, stack(0x00000000174b0000,0x00000000175b0000)]

Stack: [0x00000000174b0000,0x00000000175b0000]
[error occurred during error reporting (printing stack bounds), id 0xc0000005]

Native frames: (J=compiled Java code, j=interpreted, Vv=VM code, C=native code)


Current CompileTask:
C2:   1379  745       4       java.util.HashMap::get (23 bytes)


---------------  P R O C E S S  ---------------

Java Threads: ( => current thread )
  0x0000000017b7f000 JavaThread "pool-1-thread-4" [_thread_in_Java, id=9048, stack(0x00000000186b0000,0x00000000187b0000)]
  0x0000000017b7e000 JavaThread "pool-1-thread-3" [_thread_in_Java, id=5224, stack(0x00000000185b0000,0x00000000186b0000)]
  0x0000000017267800 JavaThread "pool-1-thread-2" [_thread_in_Java, id=2832, stack(0x00000000184b0000,0x00000000185b0000)]
  0x00000000172a7000 JavaThread "pool-2-thread-1" [_thread_blocked, id=9152, stack(0x00000000183b0000,0x00000000184b0000)]
  0x00000000171ac800 JavaThread "pool-1-thread-1" [_thread_in_Java, id=11660, stack(0x00000000182b0000,0x00000000183b0000)]
  0x0000000016f7b800 JavaThread "Service Thread" daemon [_thread_blocked, id=4980, stack(0x00000000178b0000,0x00000000179b0000)]
  0x0000000016ee3000 JavaThread "C1 CompilerThread3" daemon [_thread_in_native, id=3624, stack(0x00000000177b0000,0x00000000178b0000)]
  0x0000000016edd800 JavaThread "C2 CompilerThread2" daemon [_thread_in_native, id=5924, stack(0x00000000176b0000,0x00000000177b0000)]
  0x0000000016edb800 JavaThread "C2 CompilerThread1" daemon [_thread_in_native, id=7592, stack(0x00000000175b0000,0x00000000176b0000)]
=>0x0000000016ed7000 JavaThread "C2 CompilerThread0" daemon [_thread_in_native, id=1988, stack(0x00000000174b0000,0x00000000175b0000)]
  0x0000000016ed6000 JavaThread "Attach Listener" daemon [_thread_blocked, id=3776, stack(0x00000000173b0000,0x00000000174b0000)]
  0x0000000016ed5000 JavaThread "Signal Dispatcher" daemon [_thread_blocked, id=404, stack(0x00000000172b0000,0x00000000173b0000)]
  0x00000000022ba800 JavaThread "Finalizer" daemon [_thread_blocked, id=5832, stack(0x0000000016ca0000,0x0000000016da0000)]
  0x00000000022b4000 JavaThread "Reference Handler" daemon [_thread_blocked, id=11452, stack(0x0000000016ba0000,0x0000000016ca0000)]
  0x00000000020bd800 JavaThread "main" [_thread_in_Java, id=8816, stack(0x00000000020c0000,0x00000000021c0000)]

Other Threads:
  0x0000000014dd9800 VMThread [stack: 0x0000000016aa0000,0x0000000016ba0000] [id=3336]
  0x0000000016f7d800 WatcherThread [stack: 0x00000000179b0000,0x0000000017ab0000] [id=2580]

VM state:not at safepoint (normal execution)

VM Mutex/Monitor currently owned by a thread: None

Heap:
 PSYoungGen      total 76288K, used 30153K [0x00000000eab00000, 0x00000000f0000000, 0x0000000100000000)
  eden space 65536K, 46% used [0x00000000eab00000,0x00000000ec872468,0x00000000eeb00000)
  from space 10752K, 0% used [0x00000000ef580000,0x00000000ef580000,0x00000000f0000000)
  to   space 10752K, 0% used [0x00000000eeb00000,0x00000000eeb00000,0x00000000ef580000)
 ParOldGen       total 175104K, used 0K [0x00000000c0000000, 0x00000000cab00000, 0x00000000eab00000)
  object space 175104K, 0% used [0x00000000c0000000,0x00000000c0000000,0x00000000cab00000)
 Metaspace       used 5739K, capacity 6640K, committed 6784K, reserved 1056768K
  class space    used 600K, capacity 616K, committed 640K, reserved 1048576K

Card table byte_map: [0x0000000011680000,0x0000000011890000] byte_map_base: 0x0000000011080000

Marking Bits: (ParMarkBitMap*) 0x0000000057cda5b0
 Begin Bits: [0x00000000121f0000, 0x00000000131f0000)
 End Bits:   [0x00000000131f0000, 0x00000000141f0000)

Polling page: 0x0000000001fc0000

CodeCache: size=245760Kb used=2826Kb max_used=2837Kb free=242933Kb
 bounds [0x00000000022c0000, 0x0000000002590000, 0x00000000112c0000]
 total_blobs=999 nmethods=730 adapters=182
 compilation: enabled

Compilation events (10 events):
Event: 1.378 Thread 0x0000000016ee3000 nmethod 728 0x000000000257e450 code [0x000000000257e7a0, 0x0000000002580758]
Event: 1.378 Thread 0x0000000016ee3000  748       1       com.android.dx.util.FixedSizeList::getOrNull0 (7 bytes)
Event: 1.378 Thread 0x0000000016ee3000 nmethod 748 0x0000000002566010 code [0x0000000002566160, 0x0000000002566290]
Event: 1.378 Thread 0x0000000016ee3000  741       3       com.android.dx.rop.code.RegisterSpec::withReg (23 bytes)
Event: 1.378 Thread 0x0000000016ee3000 nmethod 741 0x000000000257d750 code [0x000000000257d8c0, 0x000000000257db08]
Event: 1.378 Thread 0x0000000016ee3000  709   !   3       com.android.dx.ssa.LocalVariableInfo::getStarts0 (18 bytes)
Event: 1.378 Thread 0x0000000016ee3000 nmethod 709 0x000000000257d1d0 code [0x000000000257d340, 0x000000000257d5a8]
Event: 1.378 Thread 0x0000000016ee3000  735       3       com.android.dx.ssa.Dominators::eval (29 bytes)
Event: 1.379 Thread 0x0000000016ee3000 nmethod 735 0x000000000257cc50 code [0x000000000257cdc0, 0x000000000257d068]
Event: 1.379 Thread 0x0000000016ee3000  712       3       com.android.dx.ssa.SsaRenamer$BlockRenamer::processResultReg (56 bytes)

GC Heap History (0 events):
No events

Deoptimization events (0 events):
No events

Internal exceptions (2 events):
Event: 0.044 Thread 0x00000000020bd800 Exception <a 'java/lang/NoSuchMethodError': Method sun.misc.Unsafe.defineClass(Ljava/lang/String;[BII)Ljava/lang/Class; name or signature does not match> (0x00000000eab0da10) thrown at [C:\re\workspace\8-2-build-windows-amd64-cygwin\jdk8u66\4988\hotspot\srÿ€Ômœë¶?
Event: 0.044 Thread 0x00000000020bd800 Exception <a 'java/lang/NoSuchMethodError': Method sun.misc.Unsafe.prefetchRead(Ljava/lang/Object;J)V name or signature does not match> (0x00000000eab0dcf8) thrown at [C:\re\workspace\8-2-build-windows-amd64-cygwin\jdk8u66\4988\hotspot\src\share\vm\prims\j

Events (10 events):
Event: 1.220 loading class com/android/dx/dex/file/MethodAnnotationStruct
Event: 1.220 loading class com/android/dx/dex/file/MethodAnnotationStruct done
Event: 1.233 loading class com/android/dx/cf/attrib/AttLocalVariableTypeTable
Event: 1.233 loading class com/android/dx/cf/attrib/AttLocalVariableTypeTable done
Event: 1.233 loading class com/android/dx/cf/attrib/AttSignature
Event: 1.233 loading class com/android/dx/cf/attrib/AttSignature done
Event: 1.256 loading class java/util/ArrayList$1
Event: 1.256 loading class java/util/ArrayList$1 done
Event: 1.376 loading class com/android/dx/cf/code/BytecodeArray$ConstantParserVisitor
Event: 1.376 loading class com/android/dx/cf/code/BytecodeArray$ConstantParserVisitor done


Dynamic libraries:
0x00007ff70eb10000 - 0x00007ff70eb47000 	C:\Program Files (x86)\Java\jdk1.8.0_66\bin\java.exe
0x00007ffedd600000 - 0x00007ffedd7c1000 	C:\WINDOWS\SYSTEM32\ntdll.dll
0x00007ffedae10000 - 0x00007ffedaebd000 	C:\WINDOWS\system32\KERNEL32.DLL
0x00007ffeda790000 - 0x00007ffeda978000 	C:\WINDOWS\system32\KERNELBASE.dll
0x00007ffedd550000 - 0x00007ffedd5f7000 	C:\WINDOWS\system32\ADVAPI32.dll
0x00007ffedd0a0000 - 0x00007ffedd13d000 	C:\WINDOWS\system32\msvcrt.dll
0x00007ffedb810000 - 0x00007ffedb86b000 	C:\WINDOWS\system32\sechost.dll
0x00007ffedacc0000 - 0x00007ffedaddc000 	C:\WINDOWS\system32\RPCRT4.dll
0x00007ffedd1b0000 - 0x00007ffedd306000 	C:\WINDOWS\system32\USER32.dll
0x00007ffeda9e0000 - 0x00007ffedab66000 	C:\WINDOWS\system32\GDI32.dll
0x00007ffec3a40000 - 0x00007ffec3cb4000 	C:\WINDOWS\WinSxS\amd64_microsoft.windows.common-controls_6595b64144ccf1df_6.0.10586.0_none_8c15ae12515e1c22\COMCTL32.dll
0x00007ffedb430000 - 0x00007ffedb6ad000 	C:\WINDOWS\system32\combase.dll
0x00007ffeda670000 - 0x00007ffeda6da000 	C:\WINDOWS\system32\bcryptPrimitives.dll
0x00007ffedd060000 - 0x00007ffedd09b000 	C:\WINDOWS\system32\IMM32.DLL
0x0000000056e10000 - 0x0000000056ee2000 	C:\Program Files (x86)\Java\jdk1.8.0_66\jre\bin\msvcr100.dll
0x00000000574d0000 - 0x0000000057d59000 	C:\Program Files (x86)\Java\jdk1.8.0_66\jre\bin\server\jvm.dll
0x00007ffedd140000 - 0x00007ffedd148000 	C:\WINDOWS\system32\PSAPI.DLL
0x00007ffed16c0000 - 0x00007ffed16c9000 	C:\WINDOWS\SYSTEM32\WSOCK32.dll
0x00007ffedb870000 - 0x00007ffedb8db000 	C:\WINDOWS\system32\WS2_32.dll
0x00007ffed7ce0000 - 0x00007ffed7d03000 	C:\WINDOWS\SYSTEM32\WINMM.dll
0x00007ffed7140000 - 0x00007ffed714a000 	C:\WINDOWS\SYSTEM32\VERSION.dll
0x00007ffed7bb0000 - 0x00007ffed7bdc000 	C:\WINDOWS\SYSTEM32\WINMMBASE.dll
0x00007ffed9c90000 - 0x00007ffed9cd3000 	C:\WINDOWS\system32\cfgmgr32.dll
0x00000000574c0000 - 0x00000000574cf000 	C:\Program Files (x86)\Java\jdk1.8.0_66\jre\bin\verify.dll
0x0000000057490000 - 0x00000000574b9000 	C:\Program Files (x86)\Java\jdk1.8.0_66\jre\bin\java.dll
0x0000000057470000 - 0x0000000057486000 	C:\Program Files (x86)\Java\jdk1.8.0_66\jre\bin\zip.dll
0x00007ffedbb00000 - 0x00007ffedd05f000 	C:\WINDOWS\system32\SHELL32.dll
0x00007ffeda020000 - 0x00007ffeda664000 	C:\WINDOWS\system32\windows.storage.dll
0x00007ffedb3d0000 - 0x00007ffedb422000 	C:\WINDOWS\system32\shlwapi.dll
0x00007ffed9c20000 - 0x00007ffed9c2f000 	C:\WINDOWS\system32\kernel.appcore.dll
0x00007ffed9ce0000 - 0x00007ffed9d95000 	C:\WINDOWS\system32\shcore.dll
0x00007ffed9c30000 - 0x00007ffed9c7b000 	C:\WINDOWS\system32\powrprof.dll
0x00007ffed9c00000 - 0x00007ffed9c14000 	C:\WINDOWS\system32\profapi.dll

VM Arguments:
jvm_args: -Djava.awt.headless=true -Xmx1024M -Dfile.encoding=windows-1252 -Duser.country=DE -Duser.language=de -Duser.variant 
java_command: com.android.dx.command.Main --dex --num-threads=4 --output C:\Users\Steppo\AndroidStudioProjects\Zapp\app\build\intermediates\pre-dexed\debug\com.android.support-support-v4-23.1.1_707bf40c391bbed699474e749d1af9d86b331d69.jar C:\Users\Steppo\AndroidStudioProjects\Zapp\app\build\intermediates\exploded-aar\com.android.support\support-v4\23.1.1\jars\classes.jar
java_class_path (initial): C:\Android\android-sdk\build-tools\23.0.2\lib\dx.jar
Launcher Type: SUN_STANDARD

Environment Variables:
JAVA_HOME=C:\Program Files (x86)\Java\jdk1.8.0_66
PATH=C:\ProgramData\Oracle\Java\javapath;C:\Program Files (x86)\Intel\iCLS Client\;C:\Program Files\Intel\iCLS Client\;C:\Windows\system32;C:\Windows;C:\Windows\System32\Wbem;C:\Windows\System32\WindowsPowerShell\v1.0\;C:\Program Files (x86)\Git\cmd;C:\Program Files (x86)\Git\bin;C:\Program Files (x86)\Skype\Phone\;C:\WINDOWS\system32;C:\WINDOWS;C:\WINDOWS\System32\Wbem;C:\WINDOWS\System32\WindowsPowerShell\v1.0\;C:\Program Files\Intel\Intel(R) Management Engine Components\DAL;C:\Program Files\Intel\Intel(R) Management Engine Components\IPT;C:\Program Files (x86)\NVIDIA Corporation\PhysX\Common;C:\Program Files (x86)\AMD\ATI.ACE\Core-Static;C:\Program Files (x86)\Java\jdk1.8.0_66/bin;C:\Program Files (x86)\MySQL\MySQL Fabric 1.5 & MySQL Utilities 1.5\;C:\Program Files (x86)\MySQL\MySQL Fabric 1.5 & MySQL Utilities 1.5\Doctrine extensions for PHP\;C:\WINDOWS\system32;C:\WINDOWS;C:\WINDOWS\System32\Wbem;C:\WINDOWS\System32\WindowsPowerShell\v1.0\;C:\Program Files\nodejs\;C:\Program Files\Git\cmd;C:\Android\android-sdk\tools;C:\Android\android-sdk\platform-tools;C:\Users\Steppo\AppData\Roaming\npm
USERNAME=Steppo
OS=Windows_NT
PROCESSOR_IDENTIFIER=Intel64 Family 6 Model 60 Stepping 3, GenuineIntel



---------------  S Y S T E M  ---------------

OS: Windows 10.0 , 64 bit Build 10586 (10.0.10586.0)

CPU:total 8 (4 cores per cpu, 2 threads per core) family 6 model 60 stepping 3, cmov, cx8, fxsr, mmx, sse, sse2, sse3, ssse3, sse4.1, sse4.2, popcnt, avx, avx2, aes, clmul, erms, lzcnt, ht, tsc, tscinvbit, bmi1, bmi2

Memory: 4k page, physical 16724008k(6336996k free), swap 16724008k(5172k free)

vm_info: Java HotSpot(TM) 64-Bit Server VM (25.66-b17) for windows-amd64 JRE (1.8.0_66-b17), built on Oct  6 2015 18:55:33 by "java_re" with MS VC++ 10.0 (VS2010)

time: Mon Jan 11 14:57:42 2016
elapsed time: 1 seconds (0d 0h 0m 1s)

