#
# There is insufficient memory for the Java Runtime Environment to continue.
# Native memory allocation (malloc) failed to allocate 1099408 bytes for Chunk::new
# Possible reasons:
#   The system is out of physical RAM or swap space
#   In 32 bit mode, the process size limit was hit
# Possible solutions:
#   Reduce memory load on the system
#   Increase physical memory or swap space
#   Check if swap backing store is full
#   Use 64 bit Java on a 64 bit OS
#   Decrease Java heap size (-Xmx/-Xms)
#   Decrease number of Java threads
#   Decrease Java thread stack sizes (-Xss)
#   Set larger code cache with -XX:ReservedCodeCacheSize=
# This output file may be truncated or incomplete.
#
#  Out of Memory Error (allocation.cpp:390), pid=4324, tid=6304
#
# JRE version: Java(TM) SE Runtime Environment (8.0_66-b17) (build 1.8.0_66-b17)
# Java VM: Java HotSpot(TM) 64-Bit Server VM (25.66-b17 mixed mode windows-amd64 compressed oops)
# Failed to write core dump. Minidumps are not enabled by default on client versions of Windows
#

---------------  T H R E A D  ---------------

Current thread (0x0000000016fdc000):  JavaThread "C2 CompilerThread1" daemon [_thread_in_native, id=6304, stack(0x00000000176b0000,0x00000000177b0000)]

Stack: [0x00000000176b0000,0x00000000177b0000]
[error occurred during error reporting (printing stack bounds), id 0xc0000005]

Native frames: (J=compiled Java code, j=interpreted, Vv=VM code, C=native code)


Current CompileTask:
C2:   1343 1513       4       com.android.dx.rop.code.Rops::ropFor (771 bytes)


---------------  P R O C E S S  ---------------

Java Threads: ( => current thread )
  0x0000000017360000 JavaThread "pool-1-thread-4" [_thread_in_Java, id=8856, stack(0x00000000187b0000,0x00000000188b0000)]
  0x000000001735f000 JavaThread "pool-1-thread-3" [_thread_blocked, id=708, stack(0x00000000186b0000,0x00000000187b0000)]
  0x0000000017bb5000 JavaThread "pool-1-thread-2" [_thread_blocked, id=8272, stack(0x00000000185b0000,0x00000000186b0000)]
  0x0000000017bb4800 JavaThread "pool-2-thread-1" [_thread_blocked, id=9664, stack(0x00000000184b0000,0x00000000185b0000)]
  0x00000000172be000 JavaThread "pool-1-thread-1" [_thread_blocked, id=10712, stack(0x00000000183b0000,0x00000000184b0000)]
  0x0000000016feb800 JavaThread "Service Thread" daemon [_thread_blocked, id=10580, stack(0x00000000179b0000,0x0000000017ab0000)]
  0x0000000016fe5800 JavaThread "C1 CompilerThread3" daemon [_thread_in_vm, id=6560, stack(0x00000000178b0000,0x00000000179b0000)]
  0x0000000016fde000 JavaThread "C2 CompilerThread2" daemon [_thread_in_native, id=6388, stack(0x00000000177b0000,0x00000000178b0000)]
=>0x0000000016fdc000 JavaThread "C2 CompilerThread1" daemon [_thread_in_native, id=6304, stack(0x00000000176b0000,0x00000000177b0000)]
  0x0000000016fd7800 JavaThread "C2 CompilerThread0" daemon [_thread_in_native, id=1524, stack(0x00000000175b0000,0x00000000176b0000)]
  0x0000000016fd6000 JavaThread "Attach Listener" daemon [_thread_blocked, id=8140, stack(0x00000000174b0000,0x00000000175b0000)]
  0x0000000016fd5000 JavaThread "Signal Dispatcher" daemon [_thread_blocked, id=11252, stack(0x00000000173b0000,0x00000000174b0000)]
  0x000000000238a000 JavaThread "Finalizer" daemon [_thread_blocked, id=6640, stack(0x0000000016da0000,0x0000000016ea0000)]
  0x0000000002382000 JavaThread "Reference Handler" daemon [_thread_blocked, id=8880, stack(0x0000000016ca0000,0x0000000016da0000)]
  0x000000000204d800 JavaThread "main" [_thread_blocked, id=6864, stack(0x0000000002190000,0x0000000002290000)]

Other Threads:
  0x0000000014ea9800 VMThread [stack: 0x0000000016ba0000,0x0000000016ca0000] [id=828]
  0x0000000017073800 WatcherThread [stack: 0x0000000017ab0000,0x0000000017bb0000] [id=9716]

VM state:not at safepoint (normal execution)

VM Mutex/Monitor currently owned by a thread: None

Heap:
 PSYoungGen      total 76288K, used 65536K [0x00000000eab00000, 0x00000000f0000000, 0x0000000100000000)
  eden space 65536K, 100% used [0x00000000eab00000,0x00000000eeb00000,0x00000000eeb00000)
  from space 10752K, 0% used [0x00000000ef580000,0x00000000ef580000,0x00000000f0000000)
  to   space 10752K, 0% used [0x00000000eeb00000,0x00000000eeb00000,0x00000000ef580000)
 ParOldGen       total 175104K, used 0K [0x00000000c0000000, 0x00000000cab00000, 0x00000000eab00000)
  object space 175104K, 0% used [0x00000000c0000000,0x00000000c0000000,0x00000000cab00000)
 Metaspace       used 6189K, capacity 7088K, committed 7296K, reserved 1056768K
  class space    used 600K, capacity 616K, committed 640K, reserved 1048576K

Card table byte_map: [0x0000000011750000,0x0000000011960000] byte_map_base: 0x0000000011150000

Marking Bits: (ParMarkBitMap*) 0x0000000057cda5b0
 Begin Bits: [0x00000000122c0000, 0x00000000132c0000)
 End Bits:   [0x00000000132c0000, 0x00000000142c0000)

Polling page: 0x0000000000460000

CodeCache: size=245760Kb used=6344Kb max_used=6344Kb free=239415Kb
 bounds [0x0000000002390000, 0x00000000029d0000, 0x0000000011390000]
 total_blobs=1795 nmethods=1526 adapters=182
 compilation: enabled

Compilation events (10 events):
Event: 1.312 Thread 0x0000000016fe5800 1529       3       java.util.concurrent.locks.AbstractQueuedSynchronizer::acquire (27 bytes)
Event: 1.313 Thread 0x0000000016fe5800 nmethod 1529 0x00000000029a11d0 code [0x00000000029a1380, 0x00000000029a1838]
Event: 1.316 Thread 0x0000000016fe5800 1531       3       com.android.dx.cf.code.Ropper::addSetupBlocks (535 bytes)
Event: 1.323 Thread 0x0000000016fe5800 nmethod 1531 0x00000000029a7390 code [0x00000000029a7e40, 0x00000000029b02a8]
Event: 1.323 Thread 0x0000000016fe5800 1532       3       com.android.dx.cf.code.Frame::initializeWithParameters (49 bytes)
Event: 1.323 Thread 0x0000000016fe5800 nmethod 1532 0x00000000029b7d50 code [0x00000000029b7f00, 0x00000000029b8628]
Event: 1.323 Thread 0x0000000016fe5800 1533       3       com.android.dx.cf.code.Ropper::addReturnBlock (228 bytes)
Event: 1.325 Thread 0x0000000016fe5800 nmethod 1533 0x00000000029b8910 code [0x00000000029b8e40, 0x00000000029bc6a8]
Event: 1.325 Thread 0x0000000016fe5800 1534       3       com.android.dx.cf.code.Ropper::addSynchExceptionHandlerBlock (206 bytes)
Event: 1.328 Thread 0x0000000016fe5800 nmethod 1534 0x00000000029bf490 code [0x00000000029bfa40, 0x00000000029c37b8]

GC Heap History (0 events):
No events

Deoptimization events (6 events):
Event: 0.569 Thread 0x000000001735f000 Uncommon trap: reason=unstable_if action=reinterpret pc=0x000000000261a75c method=com.android.dx.rop.cst.Constant.compareTo(Lcom/android/dx/rop/cst/Constant;)I @ 12
Event: 0.994 Thread 0x0000000017360000 Uncommon trap: reason=unstable_if action=reinterpret pc=0x00000000027cd134 method=com.android.dx.ssa.SCCP.simulateStmt(Lcom/android/dx/ssa/SsaInsn;)V @ 53
Event: 0.998 Thread 0x0000000017360000 Uncommon trap: reason=class_check action=maybe_recompile pc=0x000000000283dc58 method=com.android.dx.cf.code.BytecodeArray.parseInstruction(ILcom/android/dx/cf/code/BytecodeArray$Visitor;)I @ 1035
Event: 0.998 Thread 0x0000000017360000 Uncommon trap: reason=class_check action=maybe_recompile pc=0x000000000283dc58 method=com.android.dx.cf.code.BytecodeArray.parseInstruction(ILcom/android/dx/cf/code/BytecodeArray$Visitor;)I @ 1035
Event: 1.121 Thread 0x0000000017bb5000 Uncommon trap: reason=class_check action=maybe_recompile pc=0x000000000283dca8 method=com.android.dx.cf.code.BytecodeArray.parseInstruction(ILcom/android/dx/cf/code/BytecodeArray$Visitor;)I @ 1051
Event: 1.121 Thread 0x0000000017bb5000 Uncommon trap: reason=class_check action=maybe_recompile pc=0x000000000283dc58 method=com.android.dx.cf.code.BytecodeArray.parseInstruction(ILcom/android/dx/cf/code/BytecodeArray$Visitor;)I @ 1035

Internal exceptions (2 events):
Event: 0.032 Thread 0x000000000204d800 Exception <a 'java/lang/NoSuchMethodError': Method sun.misc.Unsafe.defineClass(Ljava/lang/String;[BII)Ljava/lang/Class; name or signature does not match> (0x00000000eab0da10) thrown at [C:\re\workspace\8-2-build-windows-amd64-cygwin\jdk8u66\4988\hotspot\sráä≠è¸6†?
Event: 0.032 Thread 0x000000000204d800 Exception <a 'java/lang/NoSuchMethodError': Method sun.misc.Unsafe.prefetchRead(Ljava/lang/Object;J)V name or signature does not match> (0x00000000eab0dcf8) thrown at [C:\re\workspace\8-2-build-windows-amd64-cygwin\jdk8u66\4988\hotspot\src\share\vm\prims\j

Events (10 events):
Event: 0.998 Thread 0x0000000017360000 DEOPT UNPACKING pc=0x00000000023d582a sp=0x00000000188aebb0 mode 2
Event: 0.998 Thread 0x0000000017360000 Uncommon trap: trap_request=0xffffffde fr.pc=0x000000000283dc58
Event: 0.998 Thread 0x0000000017360000 DEOPT PACKING pc=0x000000000283dc58 sp=0x00000000188aea00
Event: 0.998 Thread 0x0000000017360000 DEOPT UNPACKING pc=0x00000000023d582a sp=0x00000000188ae970 mode 2
Event: 1.121 Thread 0x0000000017bb5000 Uncommon trap: trap_request=0xffffffde fr.pc=0x000000000283dca8
Event: 1.121 Thread 0x0000000017bb5000 DEOPT PACKING pc=0x000000000283dca8 sp=0x00000000186aec30
Event: 1.121 Thread 0x0000000017bb5000 DEOPT UNPACKING pc=0x00000000023d582a sp=0x00000000186aeba0 mode 2
Event: 1.121 Thread 0x0000000017bb5000 Uncommon trap: trap_request=0xffffffde fr.pc=0x000000000283dc58
Event: 1.121 Thread 0x0000000017bb5000 DEOPT PACKING pc=0x000000000283dc58 sp=0x00000000186aec30
Event: 1.121 Thread 0x0000000017bb5000 DEOPT UNPACKING pc=0x00000000023d582a sp=0x00000000186aeba0 mode 2


Dynamic libraries:
0x00007ff70eb10000 - 0x00007ff70eb47000 	C:\Program Files (x86)\Java\jdk1.8.0_66\bin\java.exe
0x00007ffedd600000 - 0x00007ffedd7c1000 	C:\WINDOWS\SYSTEM32\ntdll.dll
0x00007ffedae10000 - 0x00007ffedaebd000 	C:\WINDOWS\system32\KERNEL32.DLL
0x00007ffeda790000 - 0x00007ffeda978000 	C:\WINDOWS\system32\KERNELBASE.dll
0x00007ffedd550000 - 0x00007ffedd5f7000 	C:\WINDOWS\system32\ADVAPI32.dll
0x00007ffedd0a0000 - 0x00007ffedd13d000 	C:\WINDOWS\system32\msvcrt.dll
0x00007ffedb810000 - 0x00007ffedb86b000 	C:\WINDOWS\system32\sechost.dll
0x00007ffedacc0000 - 0x00007ffedaddc000 	C:\WINDOWS\system32\RPCRT4.dll
0x00007ffedd1b0000 - 0x00007ffedd306000 	C:\WINDOWS\system32\USER32.dll
0x00007ffeda9e0000 - 0x00007ffedab66000 	C:\WINDOWS\system32\GDI32.dll
0x00007ffec3a40000 - 0x00007ffec3cb4000 	C:\WINDOWS\WinSxS\amd64_microsoft.windows.common-controls_6595b64144ccf1df_6.0.10586.0_none_8c15ae12515e1c22\COMCTL32.dll
0x00007ffedb430000 - 0x00007ffedb6ad000 	C:\WINDOWS\system32\combase.dll
0x00007ffeda670000 - 0x00007ffeda6da000 	C:\WINDOWS\system32\bcryptPrimitives.dll
0x00007ffedd060000 - 0x00007ffedd09b000 	C:\WINDOWS\system32\IMM32.DLL
0x0000000056e10000 - 0x0000000056ee2000 	C:\Program Files (x86)\Java\jdk1.8.0_66\jre\bin\msvcr100.dll
0x00000000574d0000 - 0x0000000057d59000 	C:\Program Files (x86)\Java\jdk1.8.0_66\jre\bin\server\jvm.dll
0x00007ffedd140000 - 0x00007ffedd148000 	C:\WINDOWS\system32\PSAPI.DLL
0x00007ffed16c0000 - 0x00007ffed16c9000 	C:\WINDOWS\SYSTEM32\WSOCK32.dll
0x00007ffedb870000 - 0x00007ffedb8db000 	C:\WINDOWS\system32\WS2_32.dll
0x00007ffed7ce0000 - 0x00007ffed7d03000 	C:\WINDOWS\SYSTEM32\WINMM.dll
0x00007ffed7140000 - 0x00007ffed714a000 	C:\WINDOWS\SYSTEM32\VERSION.dll
0x00007ffed7bb0000 - 0x00007ffed7bdc000 	C:\WINDOWS\SYSTEM32\WINMMBASE.dll
0x00007ffed9c90000 - 0x00007ffed9cd3000 	C:\WINDOWS\system32\cfgmgr32.dll
0x00000000574c0000 - 0x00000000574cf000 	C:\Program Files (x86)\Java\jdk1.8.0_66\jre\bin\verify.dll
0x0000000057490000 - 0x00000000574b9000 	C:\Program Files (x86)\Java\jdk1.8.0_66\jre\bin\java.dll
0x0000000057470000 - 0x0000000057486000 	C:\Program Files (x86)\Java\jdk1.8.0_66\jre\bin\zip.dll
0x00007ffedbb00000 - 0x00007ffedd05f000 	C:\WINDOWS\system32\SHELL32.dll
0x00007ffeda020000 - 0x00007ffeda664000 	C:\WINDOWS\system32\windows.storage.dll
0x00007ffedb3d0000 - 0x00007ffedb422000 	C:\WINDOWS\system32\shlwapi.dll
0x00007ffed9c20000 - 0x00007ffed9c2f000 	C:\WINDOWS\system32\kernel.appcore.dll
0x00007ffed9ce0000 - 0x00007ffed9d95000 	C:\WINDOWS\system32\shcore.dll
0x00007ffed9c30000 - 0x00007ffed9c7b000 	C:\WINDOWS\system32\powrprof.dll
0x00007ffed9c00000 - 0x00007ffed9c14000 	C:\WINDOWS\system32\profapi.dll

VM Arguments:
jvm_args: -Djava.awt.headless=true -Xmx1024M -Dfile.encoding=windows-1252 -Duser.country=DE -Duser.language=de -Duser.variant 
java_command: com.android.dx.command.Main --dex --num-threads=4 --output C:\Users\Steppo\AndroidStudioProjects\Zapp\app\build\intermediates\pre-dexed\debug\internal_impl-23.1.1_32d048b153c57b739529312323ea9282ff198b34.jar C:\Users\Steppo\AndroidStudioProjects\Zapp\app\build\intermediates\exploded-aar\com.android.support\support-v4\23.1.1\jars\libs\internal_impl-23.1.1.jar
java_class_path (initial): C:\Android\android-sdk\build-tools\23.0.2\lib\dx.jar
Launcher Type: SUN_STANDARD

Environment Variables:
JAVA_HOME=C:\Program Files (x86)\Java\jdk1.8.0_66
PATH=C:\ProgramData\Oracle\Java\javapath;C:\Program Files (x86)\Intel\iCLS Client\;C:\Program Files\Intel\iCLS Client\;C:\Windows\system32;C:\Windows;C:\Windows\System32\Wbem;C:\Windows\System32\WindowsPowerShell\v1.0\;C:\Program Files (x86)\Git\cmd;C:\Program Files (x86)\Git\bin;C:\Program Files (x86)\Skype\Phone\;C:\WINDOWS\system32;C:\WINDOWS;C:\WINDOWS\System32\Wbem;C:\WINDOWS\System32\WindowsPowerShell\v1.0\;C:\Program Files\Intel\Intel(R) Management Engine Components\DAL;C:\Program Files\Intel\Intel(R) Management Engine Components\IPT;C:\Program Files (x86)\NVIDIA Corporation\PhysX\Common;C:\Program Files (x86)\AMD\ATI.ACE\Core-Static;C:\Program Files (x86)\Java\jdk1.8.0_66/bin;C:\Program Files (x86)\MySQL\MySQL Fabric 1.5 & MySQL Utilities 1.5\;C:\Program Files (x86)\MySQL\MySQL Fabric 1.5 & MySQL Utilities 1.5\Doctrine extensions for PHP\;C:\WINDOWS\system32;C:\WINDOWS;C:\WINDOWS\System32\Wbem;C:\WINDOWS\System32\WindowsPowerShell\v1.0\;C:\Program Files\nodejs\;C:\Program Files\Git\cmd;C:\Android\android-sdk\tools;C:\Android\android-sdk\platform-tools;C:\Users\Steppo\AppData\Roaming\npm
USERNAME=Steppo
OS=Windows_NT
PROCESSOR_IDENTIFIER=Intel64 Family 6 Model 60 Stepping 3, GenuineIntel



---------------  S Y S T E M  ---------------

OS: Windows 10.0 , 64 bit Build 10586 (10.0.10586.0)

CPU:total 8 (4 cores per cpu, 2 threads per core) family 6 model 60 stepping 3, cmov, cx8, fxsr, mmx, sse, sse2, sse3, ssse3, sse4.1, sse4.2, popcnt, avx, avx2, aes, clmul, erms, lzcnt, ht, tsc, tscinvbit, bmi1, bmi2

Memory: 4k page, physical 16724008k(6350560k free), swap 16724008k(5824k free)

vm_info: Java HotSpot(TM) 64-Bit Server VM (25.66-b17) for windows-amd64 JRE (1.8.0_66-b17), built on Oct  6 2015 18:55:33 by "java_re" with MS VC++ 10.0 (VS2010)

time: Mon Jan 11 14:57:42 2016
elapsed time: 1 seconds (0d 0h 0m 1s)

