#
# There is insufficient memory for the Java Runtime Environment to continue.
# Native memory allocation (malloc) failed to allocate 1048576 bytes for AllocateHeap
# Possible reasons:
#   The system is out of physical RAM or swap space
#   In 32 bit mode, the process size limit was hit
# Possible solutions:
#   Reduce memory load on the system
#   Increase physical memory or swap space
#   Check if swap backing store is full
#   Use 64 bit Java on a 64 bit OS
#   Decrease Java heap size (-Xmx/-Xms)
#   Decrease number of Java threads
#   Decrease Java thread stack sizes (-Xss)
#   Set larger code cache with -XX:ReservedCodeCacheSize=
# This output file may be truncated or incomplete.
#
#  Out of Memory Error (memory/allocation.inline.hpp:61), pid=10608, tid=4484
#
# JRE version:  (8.0_66-b17) (build )
# Java VM: Java HotSpot(TM) 64-Bit Server VM (25.66-b17 mixed mode windows-amd64 compressed oops)
# Failed to write core dump. Minidumps are not enabled by default on client versions of Windows
#

---------------  T H R E A D  ---------------

Current thread (0x000000000214d800):  JavaThread "Unknown thread" [_thread_in_vm, id=4484, stack(0x0000000002150000,0x0000000002250000)]

Stack: [0x0000000002150000,0x0000000002250000]
[error occurred during error reporting (printing stack bounds), id 0xc0000005]

Native frames: (J=compiled Java code, j=interpreted, Vv=VM code, C=native code)


---------------  P R O C E S S  ---------------

Java Threads: ( => current thread )

Other Threads:

=>0x000000000214d800 (exited) JavaThread "Unknown thread" [_thread_in_vm, id=4484, stack(0x0000000002150000,0x0000000002250000)]

VM state:not at safepoint (normal execution)

VM Mutex/Monitor currently owned by a thread: None

Heap:
 PSYoungGen      total 76288K, used 1310K [0x00000000eab00000, 0x00000000f0000000, 0x0000000100000000)
  eden space 65536K, 2% used [0x00000000eab00000,0x00000000eac47af0,0x00000000eeb00000)
  from space 10752K, 0% used [0x00000000ef580000,0x00000000ef580000,0x00000000f0000000)
  to   space 10752K, 0% used [0x00000000eeb00000,0x00000000eeb00000,0x00000000ef580000)
 ParOldGen       total 175104K, used 0K [0x00000000c0000000, 0x00000000cab00000, 0x00000000eab00000)
  object space 175104K, 0% used [0x00000000c0000000,0x00000000c0000000,0x00000000cab00000)
 Metaspace       used 767K, capacity 4480K, committed 4480K, reserved 1056768K
  class space    used 75K, capacity 384K, committed 384K, reserved 1048576K

Card table byte_map: [0x0000000011740000,0x0000000011950000] byte_map_base: 0x0000000011140000

Marking Bits: (ParMarkBitMap*) 0x000000007059a5b0
 Begin Bits: [0x00000000122b0000, 0x00000000132b0000)
 End Bits:   [0x00000000132b0000, 0x00000000142b0000)

Polling page: 0x0000000000990000

CodeCache: size=245760Kb used=328Kb max_used=328Kb free=245431Kb
 bounds [0x0000000002380000, 0x00000000025f0000, 0x0000000011380000]
 total_blobs=57 nmethods=0 adapters=37
 compilation: enabled

Compilation events (0 events):
No events

GC Heap History (0 events):
No events

Deoptimization events (0 events):
No events

Internal exceptions (0 events):
No events

Events (10 events):
Event: 0.014 loading class java/lang/Short
Event: 0.014 loading class java/lang/Short done
Event: 0.014 loading class java/lang/Integer
Event: 0.014 loading class java/lang/Integer done
Event: 0.014 loading class java/lang/Long
Event: 0.014 loading class java/lang/Long done
Event: 0.014 loading class java/lang/NullPointerException
Event: 0.014 loading class java/lang/NullPointerException done
Event: 0.014 loading class java/lang/ArithmeticException
Event: 0.014 loading class java/lang/ArithmeticException done


Dynamic libraries:
0x00007ff63ffc0000 - 0x00007ff63fff7000 	C:\Program Files (x86)\Java\jdk1.8.0_66\bin\java.exe
0x00007ffd77870000 - 0x00007ffd77a31000 	C:\WINDOWS\SYSTEM32\ntdll.dll
0x00007ffd76790000 - 0x00007ffd7683d000 	C:\WINDOWS\system32\KERNEL32.DLL
0x00007ffd748b0000 - 0x00007ffd74a98000 	C:\WINDOWS\system32\KERNELBASE.dll
0x00007ffd769d0000 - 0x00007ffd76a77000 	C:\WINDOWS\system32\ADVAPI32.dll
0x00007ffd762e0000 - 0x00007ffd7637d000 	C:\WINDOWS\system32\msvcrt.dll
0x00007ffd77800000 - 0x00007ffd7785b000 	C:\WINDOWS\system32\sechost.dll
0x00007ffd761b0000 - 0x00007ffd762cc000 	C:\WINDOWS\system32\RPCRT4.dll
0x00007ffd76d20000 - 0x00007ffd76e76000 	C:\WINDOWS\system32\USER32.dll
0x00007ffd76840000 - 0x00007ffd769c6000 	C:\WINDOWS\system32\GDI32.dll
0x00007ffd5ed10000 - 0x00007ffd5ef84000 	C:\WINDOWS\WinSxS\amd64_microsoft.windows.common-controls_6595b64144ccf1df_6.0.10586.0_none_8c15ae12515e1c22\COMCTL32.dll
0x00007ffd76aa0000 - 0x00007ffd76d1d000 	C:\WINDOWS\system32\combase.dll
0x00007ffd74720000 - 0x00007ffd7478a000 	C:\WINDOWS\system32\bcryptPrimitives.dll
0x00007ffd76530000 - 0x00007ffd7656b000 	C:\WINDOWS\system32\IMM32.DLL
0x000000006f8b0000 - 0x000000006f982000 	C:\Program Files (x86)\Java\jdk1.8.0_66\jre\bin\msvcr100.dll
0x000000006fd90000 - 0x0000000070619000 	C:\Program Files (x86)\Java\jdk1.8.0_66\jre\bin\server\jvm.dll
0x00007ffd762d0000 - 0x00007ffd762d8000 	C:\WINDOWS\system32\PSAPI.DLL
0x00007ffd718a0000 - 0x00007ffd718aa000 	C:\WINDOWS\SYSTEM32\VERSION.dll
0x00007ffd6cc80000 - 0x00007ffd6cc89000 	C:\WINDOWS\SYSTEM32\WSOCK32.dll
0x00007ffd71dd0000 - 0x00007ffd71df3000 	C:\WINDOWS\SYSTEM32\WINMM.dll
0x00007ffd76e80000 - 0x00007ffd76eeb000 	C:\WINDOWS\system32\WS2_32.dll
0x0000000002100000 - 0x000000000212c000 	C:\WINDOWS\SYSTEM32\WINMMBASE.dll
0x00007ffd74790000 - 0x00007ffd747d3000 	C:\WINDOWS\system32\cfgmgr32.dll
0x000000006fd80000 - 0x000000006fd8f000 	C:\Program Files (x86)\Java\jdk1.8.0_66\jre\bin\verify.dll
0x000000006fd50000 - 0x000000006fd79000 	C:\Program Files (x86)\Java\jdk1.8.0_66\jre\bin\java.dll
0x000000006fd30000 - 0x000000006fd46000 	C:\Program Files (x86)\Java\jdk1.8.0_66\jre\bin\zip.dll

VM Arguments:
jvm_args: -Djava.awt.headless=true -Xmx1024M -Dfile.encoding=windows-1252 -Duser.country=DE -Duser.language=de -Duser.variant 
java_command: com.android.dx.command.Main --dex --num-threads=4 --output C:\Users\Steppo\AndroidStudioProjects\Zapp\app\build\intermediates\pre-dexed\debug\debug_3d4fd8e3d3d108aa040fb17f464c9732f7104445.jar C:\Users\Steppo\AndroidStudioProjects\Zapp\app\build\intermediates\classes\debug
java_class_path (initial): C:\Android\android-sdk\build-tools\23.0.2\lib\dx.jar
Launcher Type: SUN_STANDARD

Environment Variables:
JAVA_HOME=C:\Program Files (x86)\Java\jdk1.8.0_66
PATH=C:\ProgramData\Oracle\Java\javapath;C:\Program Files (x86)\Intel\iCLS Client\;C:\Program Files\Intel\iCLS Client\;C:\Windows\system32;C:\Windows;C:\Windows\System32\Wbem;C:\Windows\System32\WindowsPowerShell\v1.0\;C:\Program Files (x86)\Git\cmd;C:\Program Files (x86)\Git\bin;C:\Program Files (x86)\Skype\Phone\;C:\WINDOWS\system32;C:\WINDOWS;C:\WINDOWS\System32\Wbem;C:\WINDOWS\System32\WindowsPowerShell\v1.0\;C:\Program Files\Intel\Intel(R) Management Engine Components\DAL;C:\Program Files\Intel\Intel(R) Management Engine Components\IPT;C:\Program Files (x86)\NVIDIA Corporation\PhysX\Common;C:\Program Files (x86)\AMD\ATI.ACE\Core-Static;C:\Program Files (x86)\Java\jdk1.8.0_66/bin;C:\Program Files (x86)\MySQL\MySQL Fabric 1.5 & MySQL Utilities 1.5\;C:\Program Files (x86)\MySQL\MySQL Fabric 1.5 & MySQL Utilities 1.5\Doctrine extensions for PHP\;C:\WINDOWS\system32;C:\WINDOWS;C:\WINDOWS\System32\Wbem;C:\WINDOWS\System32\WindowsPowerShell\v1.0\;C:\Program Files\nodejs\;C:\Program Files\Git\cmd;C:\Android\android-sdk\tools;C:\Android\android-sdk\platform-tools;C:\Users\Steppo\AppData\Roaming\npm
USERNAME=Steppo
OS=Windows_NT
PROCESSOR_IDENTIFIER=Intel64 Family 6 Model 60 Stepping 3, GenuineIntel



---------------  S Y S T E M  ---------------

OS: Windows 10.0 , 64 bit Build 10586 (10.0.10586.0)

CPU:total 8 (4 cores per cpu, 2 threads per core) family 6 model 60 stepping 3, cmov, cx8, fxsr, mmx, sse, sse2, sse3, ssse3, sse4.1, sse4.2, popcnt, avx, avx2, aes, clmul, erms, lzcnt, ht, tsc, tscinvbit, bmi1, bmi2

Memory: 4k page, physical 16724008k(4965708k free), swap 16724008k(5652k free)

vm_info: Java HotSpot(TM) 64-Bit Server VM (25.66-b17) for windows-amd64 JRE (1.8.0_66-b17), built on Oct  6 2015 18:55:33 by "java_re" with MS VC++ 10.0 (VS2010)

time: Sun Jan 10 22:39:18 2016
elapsed time: 0 seconds (0d 0h 0m 0s)

