#
# There is insufficient memory for the Java Runtime Environment to continue.
# Native memory allocation (malloc) failed to allocate 32784 bytes for Chunk::new
# Possible reasons:
#   The system is out of physical RAM or swap space
#   In 32 bit mode, the process size limit was hit
# Possible solutions:
#   Reduce memory load on the system
#   Increase physical memory or swap space
#   Check if swap backing store is full
#   Use 64 bit Java on a 64 bit OS
#   Decrease Java heap size (-Xmx/-Xms)
#   Decrease number of Java threads
#   Decrease Java thread stack sizes (-Xss)
#   Set larger code cache with -XX:ReservedCodeCacheSize=
# This output file may be truncated or incomplete.
#
#  Out of Memory Error (allocation.cpp:390), pid=8228, tid=11056
#
# JRE version: Java(TM) SE Runtime Environment (8.0_66-b17) (build 1.8.0_66-b17)
# Java VM: Java HotSpot(TM) 64-Bit Server VM (25.66-b17 mixed mode windows-amd64 compressed oops)
# Failed to write core dump. Minidumps are not enabled by default on client versions of Windows
#

---------------  T H R E A D  ---------------

Current thread (0x00000000170bd800):  JavaThread "C2 CompilerThread1" daemon [_thread_in_native, id=11056, stack(0x0000000017740000,0x0000000017840000)]

Stack: [0x0000000017740000,0x0000000017840000]
[error occurred during error reporting (printing stack bounds), id 0xc0000005]

Native frames: (J=compiled Java code, j=interpreted, Vv=VM code, C=native code)


Current CompileTask:
C2:   3066 1699       4       com.android.dx.ssa.SCCP::simulateStmt (481 bytes)


---------------  P R O C E S S  ---------------

Java Threads: ( => current thread )
  0x000000001743b000 JavaThread "pool-1-thread-4" [_thread_blocked, id=2776, stack(0x0000000018840000,0x0000000018940000)]
  0x000000001743a800 JavaThread "pool-1-thread-3" [_thread_blocked, id=7584, stack(0x0000000018740000,0x0000000018840000)]
  0x0000000017d25000 JavaThread "pool-1-thread-2" [_thread_blocked, id=11364, stack(0x0000000018640000,0x0000000018740000)]
  0x0000000017d24000 JavaThread "pool-2-thread-1" [_thread_blocked, id=9916, stack(0x0000000018540000,0x0000000018640000)]
  0x000000001743e000 JavaThread "pool-1-thread-1" [_thread_blocked, id=4296, stack(0x0000000018440000,0x0000000018540000)]
  0x00000000170e9800 JavaThread "Service Thread" daemon [_thread_blocked, id=9072, stack(0x0000000017a40000,0x0000000017b40000)]
  0x00000000170c4000 JavaThread "C1 CompilerThread3" daemon [_thread_blocked, id=9488, stack(0x0000000017940000,0x0000000017a40000)]
  0x00000000170bf800 JavaThread "C2 CompilerThread2" daemon [_thread_blocked, id=8448, stack(0x0000000017840000,0x0000000017940000)]
=>0x00000000170bd800 JavaThread "C2 CompilerThread1" daemon [_thread_in_native, id=11056, stack(0x0000000017740000,0x0000000017840000)]
  0x0000000017066800 JavaThread "C2 CompilerThread0" daemon [_thread_blocked, id=3656, stack(0x0000000017640000,0x0000000017740000)]
  0x0000000017065000 JavaThread "Attach Listener" daemon [_thread_blocked, id=9440, stack(0x0000000017540000,0x0000000017640000)]
  0x0000000014f7e000 JavaThread "Signal Dispatcher" daemon [_thread_blocked, id=11948, stack(0x0000000017440000,0x0000000017540000)]
  0x0000000002443800 JavaThread "Finalizer" daemon [_thread_blocked, id=7804, stack(0x0000000016e30000,0x0000000016f30000)]
  0x0000000002442000 JavaThread "Reference Handler" daemon [_thread_blocked, id=10144, stack(0x0000000016d30000,0x0000000016e30000)]
  0x000000000224d800 JavaThread "main" [_thread_blocked, id=9156, stack(0x0000000002250000,0x0000000002350000)]

Other Threads:
  0x0000000014f69800 VMThread [stack: 0x0000000016c30000,0x0000000016d30000] [id=12036]
  0x00000000170d5800 WatcherThread [stack: 0x0000000017b40000,0x0000000017c40000] [id=4904]

VM state:not at safepoint (normal execution)

VM Mutex/Monitor currently owned by a thread: None

Heap:
 PSYoungGen      total 76288K, used 22082K [0x00000000eab00000, 0x00000000f4000000, 0x0000000100000000)
  eden space 65536K, 18% used [0x00000000eab00000,0x00000000eb6b71b8,0x00000000eeb00000)
  from space 10752K, 93% used [0x00000000eeb00000,0x00000000ef4d98b8,0x00000000ef580000)
  to   space 10752K, 0% used [0x00000000f3580000,0x00000000f3580000,0x00000000f4000000)
 ParOldGen       total 175104K, used 8K [0x00000000c0000000, 0x00000000cab00000, 0x00000000eab00000)
  object space 175104K, 0% used [0x00000000c0000000,0x00000000c0002000,0x00000000cab00000)
 Metaspace       used 6260K, capacity 7088K, committed 7296K, reserved 1056768K
  class space    used 601K, capacity 616K, committed 640K, reserved 1048576K

Card table byte_map: [0x0000000011810000,0x0000000011a20000] byte_map_base: 0x0000000011210000

Marking Bits: (ParMarkBitMap*) 0x00000000515ca5b0
 Begin Bits: [0x0000000012380000, 0x0000000013380000)
 End Bits:   [0x0000000013380000, 0x0000000014380000)

Polling page: 0x0000000000750000

CodeCache: size=245760Kb used=7412Kb max_used=7425Kb free=238347Kb
 bounds [0x0000000002450000, 0x0000000002ba0000, 0x0000000011450000]
 total_blobs=1973 nmethods=1703 adapters=182
 compilation: enabled

Compilation events (10 events):
Event: 3.050 Thread 0x00000000170bf800 1703       4       com.android.dx.cf.code.Frame::<init> (52 bytes)
Event: 3.051 Thread 0x00000000170c4000 nmethod 1700 0x0000000002b6b850 code [0x0000000002b6bbc0, 0x0000000002b6d5c8]
Event: 3.051 Thread 0x00000000170c4000 1701       3       com.android.dx.util.Hex::u2 (44 bytes)
Event: 3.051 Thread 0x00000000170c4000 nmethod 1701 0x0000000002b6ad50 code [0x0000000002b6af00, 0x0000000002b6b578]
Event: 3.051 Thread 0x00000000170bf800 nmethod 1703 0x0000000002b5fe90 code [0x0000000002b5ffe0, 0x0000000002b600d8]
Event: 3.052 Thread 0x00000000170bf800 1704       4       com.android.dx.util.IntList::shrink (42 bytes)
Event: 3.052 Thread 0x00000000170bf800 nmethod 1704 0x0000000002b74150 code [0x0000000002b74280, 0x0000000002b74338]
Event: 3.052 Thread 0x00000000170bf800 1705       4       com.android.dx.util.LabeledList::getMaxLabel (47 bytes)
Event: 3.054 Thread 0x00000000170bf800 nmethod 1705 0x0000000002b6a850 code [0x0000000002b6a9a0, 0x0000000002b6ab78]
Event: 3.058 Thread 0x0000000017066800 nmethod 1702 0x0000000002b62110 code [0x0000000002b622c0, 0x0000000002b62ac8]

GC Heap History (2 events):
Event: 2.038 GC heap before
{Heap before GC invocations=1 (full 0):
 PSYoungGen      total 76288K, used 65536K [0x00000000eab00000, 0x00000000f0000000, 0x0000000100000000)
  eden space 65536K, 100% used [0x00000000eab00000,0x00000000eeb00000,0x00000000eeb00000)
  from space 10752K, 0% used [0x00000000ef580000,0x00000000ef580000,0x00000000f0000000)
  to   space 10752K, 0% used [0x00000000eeb00000,0x00000000eeb00000,0x00000000ef580000)
 ParOldGen       total 175104K, used 0K [0x00000000c0000000, 0x00000000cab00000, 0x00000000eab00000)
  object space 175104K, 0% used [0x00000000c0000000,0x00000000c0000000,0x00000000cab00000)
 Metaspace       used 6219K, capacity 7088K, committed 7296K, reserved 1056768K
  class space    used 600K, capacity 616K, committed 640K, reserved 1048576K
Event: 2.254 GC heap after
Heap after GC invocations=1 (full 0):
 PSYoungGen      total 76288K, used 10086K [0x00000000eab00000, 0x00000000f4000000, 0x0000000100000000)
  eden space 65536K, 0% used [0x00000000eab00000,0x00000000eab00000,0x00000000eeb00000)
  from space 10752K, 93% used [0x00000000eeb00000,0x00000000ef4d98b8,0x00000000ef580000)
  to   space 10752K, 0% used [0x00000000f3580000,0x00000000f3580000,0x00000000f4000000)
 ParOldGen       total 175104K, used 8K [0x00000000c0000000, 0x00000000cab00000, 0x00000000eab00000)
  object space 175104K, 0% used [0x00000000c0000000,0x00000000c0002000,0x00000000cab00000)
 Metaspace       used 6219K, capacity 7088K, committed 7296K, reserved 1056768K
  class space    used 600K, capacity 616K, committed 640K, reserved 1048576K
}

Deoptimization events (6 events):
Event: 0.575 Thread 0x000000000224d800 Uncommon trap: reason=class_check action=maybe_recompile pc=0x0000000002674df0 method=com.android.dx.ssa.NormalSsaInsn.accept(Lcom/android/dx/ssa/SsaInsn$Visitor;)V @ 9
Event: 0.859 Thread 0x0000000017d25000 Uncommon trap: reason=unstable_if action=reinterpret pc=0x0000000002776d9c method=com.android.dx.rop.cst.Constant.compareTo(Lcom/android/dx/rop/cst/Constant;)I @ 12
Event: 1.406 Thread 0x000000001743a800 Uncommon trap: reason=unstable_if action=reinterpret pc=0x00000000028b4164 method=com.android.dx.ssa.SCCP.simulateStmt(Lcom/android/dx/ssa/SsaInsn;)V @ 53
Event: 2.371 Thread 0x000000000224d800 Uncommon trap: reason=unstable_if action=reinterpret pc=0x000000000290d9b8 method=com.android.dx.rop.cst.StdConstantPool.set(ILcom/android/dx/rop/cst/Constant;)V @ 12
Event: 2.709 Thread 0x000000001743b000 Uncommon trap: reason=null_assert action=make_not_entrant pc=0x0000000002aa9b10 method=com.android.dx.cf.code.RopperMachine.run(Lcom/android/dx/cf/code/Frame;II)V @ 1112
Event: 2.755 Thread 0x0000000017d25000 Uncommon trap: reason=bimorphic action=maybe_recompile pc=0x0000000002a58234 method=com.android.dx.rop.code.RegisterSpec.withSimpleType()Lcom/android/dx/rop/code/RegisterSpec; @ 21

Internal exceptions (2 events):
Event: 0.044 Thread 0x000000000224d800 Exception <a 'java/lang/NoSuchMethodError': Method sun.misc.Unsafe.defineClass(Ljava/lang/String;[BII)Ljava/lang/Class; name or signature does not match> (0x00000000eab0da10) thrown at [C:\re\workspace\8-2-build-windows-amd64-cygwin\jdk8u66\4988\hotspot\srÄÈq×Ø ¦?
Event: 0.044 Thread 0x000000000224d800 Exception <a 'java/lang/NoSuchMethodError': Method sun.misc.Unsafe.prefetchRead(Ljava/lang/Object;J)V name or signature does not match> (0x00000000eab0dcf8) thrown at [C:\re\workspace\8-2-build-windows-amd64-cygwin\jdk8u66\4988\hotspot\src\share\vm\prims\j

Events (10 events):
Event: 2.418 Thread 0x000000001743b000 DEOPT PACKING pc=0x00000000028680ac sp=0x000000001893eb00
Event: 2.418 Thread 0x000000001743b000 DEOPT UNPACKING pc=0x000000000249787f sp=0x000000001893e890 mode 0
Event: 2.709 loading class com/android/dx/cf/code/SwitchList
Event: 2.709 loading class com/android/dx/cf/code/SwitchList done
Event: 2.709 Thread 0x000000001743b000 Uncommon trap: trap_request=0xffffffec fr.pc=0x0000000002aa9b10
Event: 2.709 Thread 0x000000001743b000 DEOPT PACKING pc=0x0000000002aa9b10 sp=0x000000001893e6a0
Event: 2.709 Thread 0x000000001743b000 DEOPT UNPACKING pc=0x000000000249582a sp=0x000000001893e678 mode 2
Event: 2.755 Thread 0x0000000017d25000 Uncommon trap: trap_request=0xffffffc6 fr.pc=0x0000000002a58234
Event: 2.755 Thread 0x0000000017d25000 DEOPT PACKING pc=0x0000000002a58234 sp=0x000000001873e5f0
Event: 2.755 Thread 0x0000000017d25000 DEOPT UNPACKING pc=0x000000000249582a sp=0x000000001873e548 mode 2


Dynamic libraries:
0x00007ff7503a0000 - 0x00007ff7503d7000 	C:\Program Files (x86)\Java\jdk1.8.0_66\bin\java.exe
0x00007ffaab1c0000 - 0x00007ffaab381000 	C:\WINDOWS\SYSTEM32\ntdll.dll
0x00007ffaa8b50000 - 0x00007ffaa8bfd000 	C:\WINDOWS\system32\KERNEL32.DLL
0x00007ffaa8210000 - 0x00007ffaa83f8000 	C:\WINDOWS\system32\KERNELBASE.dll
0x00007ffaa85a0000 - 0x00007ffaa8647000 	C:\WINDOWS\system32\ADVAPI32.dll
0x00007ffaa9600000 - 0x00007ffaa969d000 	C:\WINDOWS\system32\msvcrt.dll
0x00007ffaa86c0000 - 0x00007ffaa871b000 	C:\WINDOWS\system32\sechost.dll
0x00007ffaaacb0000 - 0x00007ffaaadcc000 	C:\WINDOWS\system32\RPCRT4.dll
0x00007ffaa9440000 - 0x00007ffaa9596000 	C:\WINDOWS\system32\USER32.dll
0x00007ffaa8c00000 - 0x00007ffaa8d86000 	C:\WINDOWS\system32\GDI32.dll
0x00007ffa92610000 - 0x00007ffa92884000 	C:\WINDOWS\WinSxS\amd64_microsoft.windows.common-controls_6595b64144ccf1df_6.0.10586.0_none_8c15ae12515e1c22\COMCTL32.dll
0x00007ffaa91c0000 - 0x00007ffaa943d000 	C:\WINDOWS\system32\combase.dll
0x00007ffaa84b0000 - 0x00007ffaa851a000 	C:\WINDOWS\system32\bcryptPrimitives.dll
0x00007ffaaac70000 - 0x00007ffaaacab000 	C:\WINDOWS\system32\IMM32.DLL
0x0000000051650000 - 0x0000000051722000 	C:\Program Files (x86)\Java\jdk1.8.0_66\jre\bin\msvcr100.dll
0x0000000050dc0000 - 0x0000000051649000 	C:\Program Files (x86)\Java\jdk1.8.0_66\jre\bin\server\jvm.dll
0x00007ffaa8e80000 - 0x00007ffaa8e88000 	C:\WINDOWS\system32\PSAPI.DLL
0x00007ffaa03b0000 - 0x00007ffaa03b9000 	C:\WINDOWS\SYSTEM32\WSOCK32.dll
0x00007ffaaadd0000 - 0x00007ffaaae3b000 	C:\WINDOWS\system32\WS2_32.dll
0x00007ffaa5960000 - 0x00007ffaa5983000 	C:\WINDOWS\SYSTEM32\WINMM.dll
0x00007ffaa3af0000 - 0x00007ffaa3afa000 	C:\WINDOWS\SYSTEM32\VERSION.dll
0x00007ffaa5900000 - 0x00007ffaa592c000 	C:\WINDOWS\SYSTEM32\WINMMBASE.dll
0x00007ffaa7ae0000 - 0x00007ffaa7b23000 	C:\WINDOWS\system32\cfgmgr32.dll
0x0000000050db0000 - 0x0000000050dbf000 	C:\Program Files (x86)\Java\jdk1.8.0_66\jre\bin\verify.dll
0x0000000050d80000 - 0x0000000050da9000 	C:\Program Files (x86)\Java\jdk1.8.0_66\jre\bin\java.dll
0x0000000050d60000 - 0x0000000050d76000 	C:\Program Files (x86)\Java\jdk1.8.0_66\jre\bin\zip.dll
0x00007ffaa9710000 - 0x00007ffaaac6f000 	C:\WINDOWS\system32\SHELL32.dll
0x00007ffaa7b30000 - 0x00007ffaa8174000 	C:\WINDOWS\system32\windows.storage.dll
0x00007ffaa95a0000 - 0x00007ffaa95f2000 	C:\WINDOWS\system32\shlwapi.dll
0x00007ffaa77c0000 - 0x00007ffaa77cf000 	C:\WINDOWS\system32\kernel.appcore.dll
0x00007ffaa7a20000 - 0x00007ffaa7ad5000 	C:\WINDOWS\system32\shcore.dll
0x00007ffaa77d0000 - 0x00007ffaa781b000 	C:\WINDOWS\system32\powrprof.dll
0x00007ffaa7820000 - 0x00007ffaa7834000 	C:\WINDOWS\system32\profapi.dll

VM Arguments:
jvm_args: -Djava.awt.headless=true -Xmx1024M -Dfile.encoding=windows-1252 -Duser.country=DE -Duser.language=de -Duser.variant 
java_command: com.android.dx.command.Main --dex --num-threads=4 --output C:\Users\Steppo\AndroidStudioProjects\Zapp\app\build\intermediates\pre-dexed\debug\internal_impl-23.1.1_32d048b153c57b739529312323ea9282ff198b34.jar C:\Users\Steppo\AndroidStudioProjects\Zapp\app\build\intermediates\exploded-aar\com.android.support\support-v4\23.1.1\jars\libs\internal_impl-23.1.1.jar
java_class_path (initial): C:\Android\android-sdk\build-tools\23.0.2\lib\dx.jar
Launcher Type: SUN_STANDARD

Environment Variables:
JAVA_HOME=C:\Program Files (x86)\Java\jdk1.8.0_66
PATH=C:\ProgramData\Oracle\Java\javapath;C:\Program Files (x86)\Intel\iCLS Client\;C:\Program Files\Intel\iCLS Client\;C:\Windows\system32;C:\Windows;C:\Windows\System32\Wbem;C:\Windows\System32\WindowsPowerShell\v1.0\;C:\Program Files (x86)\Git\cmd;C:\Program Files (x86)\Git\bin;C:\Program Files (x86)\Skype\Phone\;C:\WINDOWS\system32;C:\WINDOWS;C:\WINDOWS\System32\Wbem;C:\WINDOWS\System32\WindowsPowerShell\v1.0\;C:\Program Files\Intel\Intel(R) Management Engine Components\DAL;C:\Program Files\Intel\Intel(R) Management Engine Components\IPT;C:\Program Files (x86)\NVIDIA Corporation\PhysX\Common;C:\Program Files (x86)\AMD\ATI.ACE\Core-Static;C:\Program Files (x86)\Java\jdk1.8.0_66/bin;C:\Program Files (x86)\MySQL\MySQL Fabric 1.5 & MySQL Utilities 1.5\;C:\Program Files (x86)\MySQL\MySQL Fabric 1.5 & MySQL Utilities 1.5\Doctrine extensions for PHP\;C:\WINDOWS\system32;C:\WINDOWS;C:\WINDOWS\System32\Wbem;C:\WINDOWS\System32\WindowsPowerShell\v1.0\;C:\Program Files\nodejs\;C:\Program Files\Git\cmd;C:\Android\android-sdk\tools;C:\Android\android-sdk\platform-tools;C:\Users\Steppo\AppData\Roaming\npm
USERNAME=Steppo
OS=Windows_NT
PROCESSOR_IDENTIFIER=Intel64 Family 6 Model 60 Stepping 3, GenuineIntel



---------------  S Y S T E M  ---------------

OS: Windows 10.0 , 64 bit Build 10586 (10.0.10586.0)

CPU:total 8 (4 cores per cpu, 2 threads per core) family 6 model 60 stepping 3, cmov, cx8, fxsr, mmx, sse, sse2, sse3, ssse3, sse4.1, sse4.2, popcnt, avx, avx2, aes, clmul, erms, lzcnt, ht, tsc, tscinvbit, bmi1, bmi2

Memory: 4k page, physical 16724008k(4547048k free), swap 16724008k(3796k free)

vm_info: Java HotSpot(TM) 64-Bit Server VM (25.66-b17) for windows-amd64 JRE (1.8.0_66-b17), built on Oct  6 2015 18:55:33 by "java_re" with MS VC++ 10.0 (VS2010)

time: Sun Jan 17 13:42:02 2016
elapsed time: 3 seconds (0d 0h 0m 3s)

