#
# There is insufficient memory for the Java Runtime Environment to continue.
# Native memory allocation (malloc) failed to allocate 65552 bytes for Chunk::new
# Possible reasons:
#   The system is out of physical RAM or swap space
#   In 32 bit mode, the process size limit was hit
# Possible solutions:
#   Reduce memory load on the system
#   Increase physical memory or swap space
#   Check if swap backing store is full
#   Use 64 bit Java on a 64 bit OS
#   Decrease Java heap size (-Xmx/-Xms)
#   Decrease number of Java threads
#   Decrease Java thread stack sizes (-Xss)
#   Set larger code cache with -XX:ReservedCodeCacheSize=
# This output file may be truncated or incomplete.
#
#  Out of Memory Error (allocation.cpp:390), pid=10684, tid=7472
#
# JRE version: Java(TM) SE Runtime Environment (8.0_66-b17) (build 1.8.0_66-b17)
# Java VM: Java HotSpot(TM) 64-Bit Server VM (25.66-b17 mixed mode windows-amd64 compressed oops)
# Failed to write core dump. Minidumps are not enabled by default on client versions of Windows
#

---------------  T H R E A D  ---------------

Current thread (0x0000000016eeb000):  JavaThread "C2 CompilerThread1" daemon [_thread_in_native, id=7472, stack(0x00000000175c0000,0x00000000176c0000)]

Stack: [0x00000000175c0000,0x00000000176c0000]
[error occurred during error reporting (printing stack bounds), id 0xc0000005]

Native frames: (J=compiled Java code, j=interpreted, Vv=VM code, C=native code)


Current CompileTask:
C2:   3013 1652       4       com.android.dx.ssa.SCCP::simulateBranch (666 bytes)


---------------  P R O C E S S  ---------------

Java Threads: ( => current thread )
  0x0000000017295000 JavaThread "pool-1-thread-4" [_thread_blocked, id=6064, stack(0x00000000186c0000,0x00000000187c0000)]
  0x0000000017293800 JavaThread "pool-1-thread-3" [_thread_blocked, id=10428, stack(0x00000000185c0000,0x00000000186c0000)]
  0x0000000017287000 JavaThread "pool-1-thread-2" [_thread_blocked, id=4472, stack(0x00000000184c0000,0x00000000185c0000)]
  0x00000000171bb000 JavaThread "pool-2-thread-1" [_thread_blocked, id=5496, stack(0x00000000183c0000,0x00000000184c0000)]
  0x00000000171ba000 JavaThread "pool-1-thread-1" [_thread_blocked, id=1512, stack(0x00000000182c0000,0x00000000183c0000)]
  0x0000000016efa800 JavaThread "Service Thread" daemon [_thread_blocked, id=6956, stack(0x00000000178c0000,0x00000000179c0000)]
  0x0000000016ef4000 JavaThread "C1 CompilerThread3" daemon [_thread_blocked, id=6820, stack(0x00000000177c0000,0x00000000178c0000)]
  0x0000000016eed000 JavaThread "C2 CompilerThread2" daemon [_thread_in_native, id=7160, stack(0x00000000176c0000,0x00000000177c0000)]
=>0x0000000016eeb000 JavaThread "C2 CompilerThread1" daemon [_thread_in_native, id=7472, stack(0x00000000175c0000,0x00000000176c0000)]
  0x0000000016ee6000 JavaThread "C2 CompilerThread0" daemon [_thread_in_native, id=12772, stack(0x00000000174c0000,0x00000000175c0000)]
  0x0000000016ee5000 JavaThread "Attach Listener" daemon [_thread_blocked, id=11132, stack(0x00000000173c0000,0x00000000174c0000)]
  0x0000000016ee4000 JavaThread "Signal Dispatcher" daemon [_thread_blocked, id=10688, stack(0x00000000172c0000,0x00000000173c0000)]
  0x0000000002289000 JavaThread "Finalizer" daemon [_thread_blocked, id=8108, stack(0x0000000016cb0000,0x0000000016db0000)]
  0x0000000002282000 JavaThread "Reference Handler" daemon [_thread_blocked, id=5268, stack(0x0000000016bb0000,0x0000000016cb0000)]
  0x000000000218d800 JavaThread "main" [_thread_blocked, id=12704, stack(0x0000000001ff0000,0x00000000020f0000)]

Other Threads:
  0x0000000014da9800 VMThread [stack: 0x0000000016ab0000,0x0000000016bb0000] [id=1240]
  0x0000000016f6c000 WatcherThread [stack: 0x00000000179c0000,0x0000000017ac0000] [id=9012]

VM state:not at safepoint (normal execution)

VM Mutex/Monitor currently owned by a thread: None

Heap:
 PSYoungGen      total 76288K, used 24701K [0x00000000eab00000, 0x00000000f4000000, 0x0000000100000000)
  eden space 65536K, 21% used [0x00000000eab00000,0x00000000eb8b3330,0x00000000eeb00000)
  from space 10752K, 99% used [0x00000000eeb00000,0x00000000ef56c358,0x00000000ef580000)
  to   space 10752K, 0% used [0x00000000f3580000,0x00000000f3580000,0x00000000f4000000)
 ParOldGen       total 175104K, used 8K [0x00000000c0000000, 0x00000000cab00000, 0x00000000eab00000)
  object space 175104K, 0% used [0x00000000c0000000,0x00000000c0002000,0x00000000cab00000)
 Metaspace       used 6172K, capacity 7088K, committed 7296K, reserved 1056768K
  class space    used 596K, capacity 616K, committed 640K, reserved 1048576K

Card table byte_map: [0x0000000011650000,0x0000000011860000] byte_map_base: 0x0000000011050000

Marking Bits: (ParMarkBitMap*) 0x00000000515ca5b0
 Begin Bits: [0x00000000121c0000, 0x00000000131c0000)
 End Bits:   [0x00000000131c0000, 0x00000000141c0000)

Polling page: 0x0000000001f80000

CodeCache: size=245760Kb used=7017Kb max_used=7025Kb free=238742Kb
 bounds [0x0000000002290000, 0x0000000002980000, 0x0000000011290000]
 total_blobs=1920 nmethods=1651 adapters=182
 compilation: enabled

Compilation events (10 events):
Event: 3.004 Thread 0x0000000016eed000 nmethod 1647 0x0000000002961f90 code [0x00000000029620e0, 0x0000000002962398]
Event: 3.004 Thread 0x0000000016eed000 1649       4       com.android.dx.dex.code.RopTranslator::outputBlock (202 bytes)
Event: 3.006 Thread 0x0000000016eeb000 nmethod 1648 0x0000000002973550 code [0x00000000029736c0, 0x00000000029739d8]
Event: 3.006 Thread 0x0000000016eeb000 1651       4       com.android.dx.ssa.SsaRenamer$BlockRenamer$RenamingMapper::map (28 bytes)
Event: 3.007 Thread 0x0000000016eeb000 nmethod 1651 0x0000000002953190 code [0x00000000029532e0, 0x00000000029533e8]
Event: 3.007 Thread 0x0000000016eeb000 1652       4       com.android.dx.ssa.SCCP::simulateBranch (666 bytes)
Event: 3.009 Thread 0x0000000016ef4000 1654       3       com.android.dx.rop.cst.CstArray$List::<init> (6 bytes)
Event: 3.009 Thread 0x0000000016ef4000 nmethod 1654 0x000000000295a290 code [0x000000000295a400, 0x000000000295a588]
Event: 3.009 Thread 0x0000000016ef4000 1655       3       com.android.dx.rop.cst.CstArray::<init> (28 bytes)
Event: 3.010 Thread 0x0000000016ef4000 nmethod 1655 0x0000000002959990 code [0x0000000002959b40, 0x000000000295a058]

GC Heap History (2 events):
Event: 2.505 GC heap before
{Heap before GC invocations=1 (full 0):
 PSYoungGen      total 76288K, used 65536K [0x00000000eab00000, 0x00000000f0000000, 0x0000000100000000)
  eden space 65536K, 100% used [0x00000000eab00000,0x00000000eeb00000,0x00000000eeb00000)
  from space 10752K, 0% used [0x00000000ef580000,0x00000000ef580000,0x00000000f0000000)
  to   space 10752K, 0% used [0x00000000eeb00000,0x00000000eeb00000,0x00000000ef580000)
 ParOldGen       total 175104K, used 0K [0x00000000c0000000, 0x00000000cab00000, 0x00000000eab00000)
  object space 175104K, 0% used [0x00000000c0000000,0x00000000c0000000,0x00000000cab00000)
 Metaspace       used 6149K, capacity 7024K, committed 7296K, reserved 1056768K
  class space    used 596K, capacity 616K, committed 640K, reserved 1048576K
Event: 2.669 GC heap after
Heap after GC invocations=1 (full 0):
 PSYoungGen      total 76288K, used 10672K [0x00000000eab00000, 0x00000000f4000000, 0x0000000100000000)
  eden space 65536K, 0% used [0x00000000eab00000,0x00000000eab00000,0x00000000eeb00000)
  from space 10752K, 99% used [0x00000000eeb00000,0x00000000ef56c358,0x00000000ef580000)
  to   space 10752K, 0% used [0x00000000f3580000,0x00000000f3580000,0x00000000f4000000)
 ParOldGen       total 175104K, used 8K [0x00000000c0000000, 0x00000000cab00000, 0x00000000eab00000)
  object space 175104K, 0% used [0x00000000c0000000,0x00000000c0002000,0x00000000cab00000)
 Metaspace       used 6149K, capacity 7024K, committed 7296K, reserved 1056768K
  class space    used 596K, capacity 616K, committed 640K, reserved 1048576K
}

Deoptimization events (10 events):
Event: 1.235 Thread 0x00000000171ba000 Uncommon trap: reason=unstable_if action=reinterpret pc=0x00000000025e2af4 method=com.android.dx.ssa.SsaMethod.onSourcesChanged(Lcom/android/dx/ssa/SsaInsn;Lcom/android/dx/rop/code/RegisterSpecList;)V @ 4
Event: 1.628 Thread 0x0000000017293800 Uncommon trap: reason=null_check action=make_not_entrant pc=0x00000000026465d4 method=com.android.dx.ssa.SsaRenamer.getLocalForNewReg(I)Lcom/android/dx/rop/code/LocalItem; @ 19
Event: 1.629 Thread 0x0000000017293800 Uncommon trap: reason=unstable_if action=reinterpret pc=0x0000000002784ff4 method=com.android.dx.ssa.SsaInsn.getLocalAssignment()Lcom/android/dx/rop/code/RegisterSpec; @ 14
Event: 1.988 Thread 0x0000000017293800 Uncommon trap: reason=class_check action=maybe_recompile pc=0x00000000027bc24c method=com.android.dx.ssa.SCCP.simulatePhi(Lcom/android/dx/ssa/PhiInsn;)V @ 124
Event: 1.988 Thread 0x0000000017293800 Uncommon trap: reason=class_check action=maybe_recompile pc=0x00000000027bc24c method=com.android.dx.ssa.SCCP.simulatePhi(Lcom/android/dx/ssa/PhiInsn;)V @ 124
Event: 2.033 Thread 0x0000000017293800 Uncommon trap: reason=class_check action=maybe_recompile pc=0x00000000027bc24c method=com.android.dx.ssa.SCCP.simulatePhi(Lcom/android/dx/ssa/PhiInsn;)V @ 124
Event: 2.033 Thread 0x0000000017293800 Uncommon trap: reason=class_check action=maybe_recompile pc=0x00000000027bc24c method=com.android.dx.ssa.SCCP.simulatePhi(Lcom/android/dx/ssa/PhiInsn;)V @ 124
Event: 2.130 Thread 0x0000000017293800 Uncommon trap: reason=unstable_if action=reinterpret pc=0x0000000002735684 method=com.android.dx.ssa.SCCP.simulateBranch(Lcom/android/dx/ssa/SsaInsn;)V @ 64
Event: 2.130 Thread 0x0000000017293800 Uncommon trap: reason=unloaded action=reinterpret pc=0x00000000027d94dc method=com.android.dx.ssa.LiteralOpUpgrader$1.visitNonMoveInsn(Lcom/android/dx/ssa/NormalSsaInsn;)V @ 72
Event: 2.131 Thread 0x0000000017293800 Uncommon trap: reason=unstable_if action=reinterpret pc=0x00000000026310dc method=com.android.dx.ssa.SsaMethod.updateOneDefinition(Lcom/android/dx/ssa/SsaInsn;Lcom/android/dx/rop/code/RegisterSpec;)V @ 4

Internal exceptions (3 events):
Event: 0.054 Thread 0x000000000218d800 Exception <a 'java/lang/NoSuchMethodError': Method sun.misc.Unsafe.defineClass(Ljava/lang/String;[BII)Ljava/lang/Class; name or signature does not match> (0x00000000eab0da38) thrown at [C:\re\workspace\8-2-build-windows-amd64-cygwin\jdk8u66\4988\hotspot\sr}Iàáµ«?
Event: 0.054 Thread 0x000000000218d800 Exception <a 'java/lang/NoSuchMethodError': Method sun.misc.Unsafe.prefetchRead(Ljava/lang/Object;J)V name or signature does not match> (0x00000000eab0dd20) thrown at [C:\re\workspace\8-2-build-windows-amd64-cygwin\jdk8u66\4988\hotspot\src\share\vm\prims\jÔËiú?
Event: 1.628 Thread 0x0000000017293800 Implicit null exception at 0x0000000002645462 to 0x0000000002646589

Events (10 events):
Event: 2.130 Thread 0x0000000017293800 Uncommon trap: trap_request=0x0000004e fr.pc=0x00000000027d94dc
Event: 2.130 loading class com/android/dx/rop/code/RegOps
Event: 2.130 loading class com/android/dx/rop/code/RegOps done
Event: 2.130 Thread 0x0000000017293800 DEOPT PACKING pc=0x00000000027d94dc sp=0x00000000186beec0
Event: 2.130 Thread 0x0000000017293800 DEOPT UNPACKING pc=0x00000000022d582a sp=0x00000000186bee88 mode 2
Event: 2.131 Thread 0x0000000017293800 Uncommon trap: trap_request=0xffffff65 fr.pc=0x00000000026310dc
Event: 2.131 Thread 0x0000000017293800 DEOPT PACKING pc=0x00000000026310dc sp=0x00000000186bed00
Event: 2.131 Thread 0x0000000017293800 DEOPT UNPACKING pc=0x00000000022d582a sp=0x00000000186beca8 mode 2
Event: 2.355 Executing VM operation: ParallelGCFailedAllocation
Event: 2.669 Executing VM operation: ParallelGCFailedAllocation done


Dynamic libraries:
0x00007ff7503a0000 - 0x00007ff7503d7000 	C:\Program Files (x86)\Java\jdk1.8.0_66\bin\java.exe
0x00007ffaab1c0000 - 0x00007ffaab381000 	C:\WINDOWS\SYSTEM32\ntdll.dll
0x00007ffaa8b50000 - 0x00007ffaa8bfd000 	C:\WINDOWS\system32\KERNEL32.DLL
0x00007ffaa8210000 - 0x00007ffaa83f8000 	C:\WINDOWS\system32\KERNELBASE.dll
0x00007ffaa85a0000 - 0x00007ffaa8647000 	C:\WINDOWS\system32\ADVAPI32.dll
0x00007ffaa9600000 - 0x00007ffaa969d000 	C:\WINDOWS\system32\msvcrt.dll
0x00007ffaa86c0000 - 0x00007ffaa871b000 	C:\WINDOWS\system32\sechost.dll
0x00007ffaaacb0000 - 0x00007ffaaadcc000 	C:\WINDOWS\system32\RPCRT4.dll
0x00007ffaa9440000 - 0x00007ffaa9596000 	C:\WINDOWS\system32\USER32.dll
0x00007ffaa8c00000 - 0x00007ffaa8d86000 	C:\WINDOWS\system32\GDI32.dll
0x00007ffa92610000 - 0x00007ffa92884000 	C:\WINDOWS\WinSxS\amd64_microsoft.windows.common-controls_6595b64144ccf1df_6.0.10586.0_none_8c15ae12515e1c22\COMCTL32.dll
0x00007ffaa91c0000 - 0x00007ffaa943d000 	C:\WINDOWS\system32\combase.dll
0x00007ffaa84b0000 - 0x00007ffaa851a000 	C:\WINDOWS\system32\bcryptPrimitives.dll
0x00007ffaaac70000 - 0x00007ffaaacab000 	C:\WINDOWS\system32\IMM32.DLL
0x0000000051650000 - 0x0000000051722000 	C:\Program Files (x86)\Java\jdk1.8.0_66\jre\bin\msvcr100.dll
0x0000000050dc0000 - 0x0000000051649000 	C:\Program Files (x86)\Java\jdk1.8.0_66\jre\bin\server\jvm.dll
0x00007ffaa8e80000 - 0x00007ffaa8e88000 	C:\WINDOWS\system32\PSAPI.DLL
0x00007ffaa03b0000 - 0x00007ffaa03b9000 	C:\WINDOWS\SYSTEM32\WSOCK32.dll
0x00007ffaaadd0000 - 0x00007ffaaae3b000 	C:\WINDOWS\system32\WS2_32.dll
0x00007ffaa5960000 - 0x00007ffaa5983000 	C:\WINDOWS\SYSTEM32\WINMM.dll
0x00007ffaa3af0000 - 0x00007ffaa3afa000 	C:\WINDOWS\SYSTEM32\VERSION.dll
0x00007ffaa5900000 - 0x00007ffaa592c000 	C:\WINDOWS\SYSTEM32\WINMMBASE.dll
0x00007ffaa7ae0000 - 0x00007ffaa7b23000 	C:\WINDOWS\system32\cfgmgr32.dll
0x0000000050db0000 - 0x0000000050dbf000 	C:\Program Files (x86)\Java\jdk1.8.0_66\jre\bin\verify.dll
0x0000000050d80000 - 0x0000000050da9000 	C:\Program Files (x86)\Java\jdk1.8.0_66\jre\bin\java.dll
0x0000000050d60000 - 0x0000000050d76000 	C:\Program Files (x86)\Java\jdk1.8.0_66\jre\bin\zip.dll
0x00007ffaa9710000 - 0x00007ffaaac6f000 	C:\WINDOWS\system32\SHELL32.dll
0x00007ffaa7b30000 - 0x00007ffaa8174000 	C:\WINDOWS\system32\windows.storage.dll
0x00007ffaa95a0000 - 0x00007ffaa95f2000 	C:\WINDOWS\system32\shlwapi.dll
0x00007ffaa77c0000 - 0x00007ffaa77cf000 	C:\WINDOWS\system32\kernel.appcore.dll
0x00007ffaa7a20000 - 0x00007ffaa7ad5000 	C:\WINDOWS\system32\shcore.dll
0x00007ffaa77d0000 - 0x00007ffaa781b000 	C:\WINDOWS\system32\powrprof.dll
0x00007ffaa7820000 - 0x00007ffaa7834000 	C:\WINDOWS\system32\profapi.dll

VM Arguments:
jvm_args: -Djava.awt.headless=true -Xmx1024M -Dfile.encoding=windows-1252 -Duser.country=DE -Duser.language=de -Duser.variant 
java_command: com.android.dx.command.Main --dex --num-threads=4 --output C:\Users\Steppo\AndroidStudioProjects\Zapp\app\build\intermediates\pre-dexed\debug\com.google.android.gms-play-services-maps-8.4.0_baa6beed7abd11855f106db93aed8c0758be9ba7.jar C:\Users\Steppo\AndroidStudioProjects\Zapp\app\build\intermediates\exploded-aar\com.google.android.gms\play-services-maps\8.4.0\jars\classes.jar
java_class_path (initial): C:\Android\android-sdk\build-tools\23.0.2\lib\dx.jar
Launcher Type: SUN_STANDARD

Environment Variables:
JAVA_HOME=C:\Program Files (x86)\Java\jdk1.8.0_66
PATH=C:\ProgramData\Oracle\Java\javapath;C:\Program Files (x86)\Intel\iCLS Client\;C:\Program Files\Intel\iCLS Client\;C:\Windows\system32;C:\Windows;C:\Windows\System32\Wbem;C:\Windows\System32\WindowsPowerShell\v1.0\;C:\Program Files (x86)\Git\cmd;C:\Program Files (x86)\Git\bin;C:\Program Files (x86)\Skype\Phone\;C:\WINDOWS\system32;C:\WINDOWS;C:\WINDOWS\System32\Wbem;C:\WINDOWS\System32\WindowsPowerShell\v1.0\;C:\Program Files\Intel\Intel(R) Management Engine Components\DAL;C:\Program Files\Intel\Intel(R) Management Engine Components\IPT;C:\Program Files (x86)\NVIDIA Corporation\PhysX\Common;C:\Program Files (x86)\AMD\ATI.ACE\Core-Static;C:\Program Files (x86)\Java\jdk1.8.0_66/bin;C:\Program Files (x86)\MySQL\MySQL Fabric 1.5 & MySQL Utilities 1.5\;C:\Program Files (x86)\MySQL\MySQL Fabric 1.5 & MySQL Utilities 1.5\Doctrine extensions for PHP\;C:\WINDOWS\system32;C:\WINDOWS;C:\WINDOWS\System32\Wbem;C:\WINDOWS\System32\WindowsPowerShell\v1.0\;C:\Program Files\nodejs\;C:\Program Files\Git\cmd;C:\Android\android-sdk\tools;C:\Android\android-sdk\platform-tools;C:\Users\Steppo\AppData\Roaming\npm
USERNAME=Steppo
OS=Windows_NT
PROCESSOR_IDENTIFIER=Intel64 Family 6 Model 60 Stepping 3, GenuineIntel



---------------  S Y S T E M  ---------------

OS: Windows 10.0 , 64 bit Build 10586 (10.0.10586.0)

CPU:total 8 (4 cores per cpu, 2 threads per core) family 6 model 60 stepping 3, cmov, cx8, fxsr, mmx, sse, sse2, sse3, ssse3, sse4.1, sse4.2, popcnt, avx, avx2, aes, clmul, erms, lzcnt, ht, tsc, tscinvbit, bmi1, bmi2

Memory: 4k page, physical 16724008k(4534476k free), swap 16724008k(4192k free)

vm_info: Java HotSpot(TM) 64-Bit Server VM (25.66-b17) for windows-amd64 JRE (1.8.0_66-b17), built on Oct  6 2015 18:55:33 by "java_re" with MS VC++ 10.0 (VS2010)

time: Sun Jan 17 13:42:02 2016
elapsed time: 3 seconds (0d 0h 0m 3s)

