#
# There is insufficient memory for the Java Runtime Environment to continue.
# Native memory allocation (malloc) failed to allocate 932560 bytes for Chunk::new
# Possible reasons:
#   The system is out of physical RAM or swap space
#   In 32 bit mode, the process size limit was hit
# Possible solutions:
#   Reduce memory load on the system
#   Increase physical memory or swap space
#   Check if swap backing store is full
#   Use 64 bit Java on a 64 bit OS
#   Decrease Java heap size (-Xmx/-Xms)
#   Decrease number of Java threads
#   Decrease Java thread stack sizes (-Xss)
#   Set larger code cache with -XX:ReservedCodeCacheSize=
# This output file may be truncated or incomplete.
#
#  Out of Memory Error (allocation.cpp:390), pid=9100, tid=6832
#
# JRE version: Java(TM) SE Runtime Environment (8.0_66-b17) (build 1.8.0_66-b17)
# Java VM: Java HotSpot(TM) 64-Bit Server VM (25.66-b17 mixed mode windows-amd64 compressed oops)
# Failed to write core dump. Minidumps are not enabled by default on client versions of Windows
#

---------------  T H R E A D  ---------------

Current thread (0x0000000016f7b000):  JavaThread "C2 CompilerThread1" daemon [_thread_in_native, id=6832, stack(0x0000000017650000,0x0000000017750000)]

Stack: [0x0000000017650000,0x0000000017750000]
[error occurred during error reporting (printing stack bounds), id 0xc0000005]

Native frames: (J=compiled Java code, j=interpreted, Vv=VM code, C=native code)


Current CompileTask:
C2:    833 1489   !   4       com.android.dx.cf.cst.ConstantPoolParser::parse0 (731 bytes)


---------------  P R O C E S S  ---------------

Java Threads: ( => current thread )
  0x000000001728b000 JavaThread "pool-1-thread-4" [_thread_blocked, id=8404, stack(0x0000000018750000,0x0000000018850000)]
  0x0000000017286000 JavaThread "pool-1-thread-3" [_thread_in_Java, id=3944, stack(0x0000000018650000,0x0000000018750000)]
  0x00000000172d8800 JavaThread "pool-1-thread-2" [_thread_blocked, id=1316, stack(0x0000000018550000,0x0000000018650000)]
  0x00000000172cf800 JavaThread "pool-2-thread-1" [_thread_blocked, id=11260, stack(0x0000000018450000,0x0000000018550000)]
  0x00000000172c9000 JavaThread "pool-1-thread-1" [_thread_in_Java, id=3124, stack(0x0000000018350000,0x0000000018450000)]
  0x0000000017026000 JavaThread "Service Thread" daemon [_thread_blocked, id=8576, stack(0x0000000017950000,0x0000000017a50000)]
  0x0000000016f90000 JavaThread "C1 CompilerThread3" daemon [_thread_in_native, id=472, stack(0x0000000017850000,0x0000000017950000)]
  0x0000000016f88800 JavaThread "C2 CompilerThread2" daemon [_thread_in_native, id=10116, stack(0x0000000017750000,0x0000000017850000)]
=>0x0000000016f7b000 JavaThread "C2 CompilerThread1" daemon [_thread_in_native, id=6832, stack(0x0000000017650000,0x0000000017750000)]
  0x0000000016f76800 JavaThread "C2 CompilerThread0" daemon [_thread_in_vm, id=10760, stack(0x0000000017550000,0x0000000017650000)]
  0x0000000016f75800 JavaThread "Attach Listener" daemon [_thread_blocked, id=7236, stack(0x0000000017450000,0x0000000017550000)]
  0x0000000016f74000 JavaThread "Signal Dispatcher" daemon [_thread_blocked, id=7252, stack(0x0000000017350000,0x0000000017450000)]
  0x000000000231a000 JavaThread "Finalizer" daemon [_thread_blocked, id=3568, stack(0x0000000016d40000,0x0000000016e40000)]
  0x0000000002313000 JavaThread "Reference Handler" daemon [_thread_blocked, id=7240, stack(0x0000000016c40000,0x0000000016d40000)]
  0x00000000020bd800 JavaThread "main" [_thread_blocked, id=1540, stack(0x0000000002120000,0x0000000002220000)]

Other Threads:
  0x0000000014e59800 VMThread [stack: 0x0000000016b40000,0x0000000016c40000] [id=3280]
  0x0000000017030000 WatcherThread [stack: 0x0000000017a50000,0x0000000017b50000] [id=972]

VM state:not at safepoint (normal execution)

VM Mutex/Monitor currently owned by a thread: None

Heap:
 PSYoungGen      total 141824K, used 14980K [0x00000000eab00000, 0x00000000f4000000, 0x0000000100000000)
  eden space 131072K, 3% used [0x00000000eab00000,0x00000000eaf25690,0x00000000f2b00000)
  from space 10752K, 99% used [0x00000000f3580000,0x00000000f3ffb970,0x00000000f4000000)
  to   space 10752K, 0% used [0x00000000f2b00000,0x00000000f2b00000,0x00000000f3580000)
 ParOldGen       total 175104K, used 6329K [0x00000000c0000000, 0x00000000cab00000, 0x00000000eab00000)
  object space 175104K, 3% used [0x00000000c0000000,0x00000000c062e498,0x00000000cab00000)
 Metaspace       used 6234K, capacity 7088K, committed 7296K, reserved 1056768K
  class space    used 597K, capacity 616K, committed 640K, reserved 1048576K

Card table byte_map: [0x00000000116e0000,0x00000000118f0000] byte_map_base: 0x00000000110e0000

Marking Bits: (ParMarkBitMap*) 0x000000007059a5b0
 Begin Bits: [0x0000000012250000, 0x0000000013250000)
 End Bits:   [0x0000000013250000, 0x0000000014250000)

Polling page: 0x0000000002080000

CodeCache: size=245760Kb used=6116Kb max_used=6146Kb free=239644Kb
 bounds [0x0000000002320000, 0x0000000002930000, 0x0000000011320000]
 total_blobs=1940 nmethods=1670 adapters=182
 compilation: enabled

Compilation events (10 events):
Event: 0.832 Thread 0x0000000016f90000 1695   !   2       java.lang.ref.Finalizer::runFinalizer (62 bytes)
Event: 0.832 Thread 0x0000000016f90000 nmethod 1695 0x0000000002911390 code [0x0000000002911520, 0x0000000002911978]
Event: 0.832 Thread 0x0000000016f90000 1696       2       java.lang.ref.Finalizer::hasBeenFinalized (14 bytes)
Event: 0.832 Thread 0x0000000016f90000 nmethod 1696 0x0000000002911b50 code [0x0000000002911ca0, 0x0000000002911e10]
Event: 0.832 Thread 0x0000000016f90000 1697   !   2       java.lang.ref.Finalizer::remove (94 bytes)
Event: 0.833 Thread 0x0000000016f90000 nmethod 1697 0x0000000002911e90 code [0x0000000002912000, 0x00000000029123f0]
Event: 0.833 Thread 0x0000000016f90000 1698       2       java.lang.System$2::invokeFinalize (5 bytes)
Event: 0.833 Thread 0x0000000016f90000 nmethod 1698 0x0000000002912550 code [0x00000000029126c0, 0x0000000002912848]
Event: 0.833 Thread 0x0000000016f90000 1699       2       java.lang.ref.Reference::clear (6 bytes)
Event: 0.833 Thread 0x0000000016f90000 nmethod 1699 0x00000000029128d0 code [0x0000000002912a20, 0x0000000002912b90]

GC Heap History (4 events):
Event: 0.541 GC heap before
{Heap before GC invocations=1 (full 0):
 PSYoungGen      total 76288K, used 65536K [0x00000000eab00000, 0x00000000f0000000, 0x0000000100000000)
  eden space 65536K, 100% used [0x00000000eab00000,0x00000000eeb00000,0x00000000eeb00000)
  from space 10752K, 0% used [0x00000000ef580000,0x00000000ef580000,0x00000000f0000000)
  to   space 10752K, 0% used [0x00000000eeb00000,0x00000000eeb00000,0x00000000ef580000)
 ParOldGen       total 175104K, used 0K [0x00000000c0000000, 0x00000000cab00000, 0x00000000eab00000)
  object space 175104K, 0% used [0x00000000c0000000,0x00000000c0000000,0x00000000cab00000)
 Metaspace       used 6003K, capacity 6960K, committed 7040K, reserved 1056768K
  class space    used 597K, capacity 616K, committed 640K, reserved 1048576K
Event: 0.550 GC heap after
Heap after GC invocations=1 (full 0):
 PSYoungGen      total 76288K, used 9094K [0x00000000eab00000, 0x00000000f4000000, 0x0000000100000000)
  eden space 65536K, 0% used [0x00000000eab00000,0x00000000eab00000,0x00000000eeb00000)
  from space 10752K, 84% used [0x00000000eeb00000,0x00000000ef3e18b8,0x00000000ef580000)
  to   space 10752K, 0% used [0x00000000f3580000,0x00000000f3580000,0x00000000f4000000)
 ParOldGen       total 175104K, used 16K [0x00000000c0000000, 0x00000000cab00000, 0x00000000eab00000)
  object space 175104K, 0% used [0x00000000c0000000,0x00000000c0004000,0x00000000cab00000)
 Metaspace       used 6003K, capacity 6960K, committed 7040K, reserved 1056768K
  class space    used 597K, capacity 616K, committed 640K, reserved 1048576K
}
Event: 0.792 GC heap before
{Heap before GC invocations=2 (full 0):
 PSYoungGen      total 76288K, used 74630K [0x00000000eab00000, 0x00000000f4000000, 0x0000000100000000)
  eden space 65536K, 100% used [0x00000000eab00000,0x00000000eeb00000,0x00000000eeb00000)
  from space 10752K, 84% used [0x00000000eeb00000,0x00000000ef3e18b8,0x00000000ef580000)
  to   space 10752K, 0% used [0x00000000f3580000,0x00000000f3580000,0x00000000f4000000)
 ParOldGen       total 175104K, used 16K [0x00000000c0000000, 0x00000000cab00000, 0x00000000eab00000)
  object space 175104K, 0% used [0x00000000c0000000,0x00000000c0004000,0x00000000cab00000)
 Metaspace       used 6231K, capacity 7088K, committed 7296K, reserved 1056768K
  class space    used 597K, capacity 616K, committed 640K, reserved 1048576K
Event: 0.826 GC heap after
Heap after GC invocations=2 (full 0):
 PSYoungGen      total 141824K, used 10734K [0x00000000eab00000, 0x00000000f4000000, 0x0000000100000000)
  eden space 131072K, 0% used [0x00000000eab00000,0x00000000eab00000,0x00000000f2b00000)
  from space 10752K, 99% used [0x00000000f3580000,0x00000000f3ffb970,0x00000000f4000000)
  to   space 10752K, 0% used [0x00000000f2b00000,0x00000000f2b00000,0x00000000f3580000)
 ParOldGen       total 175104K, used 6329K [0x00000000c0000000, 0x00000000cab00000, 0x00000000eab00000)
  object space 175104K, 3% used [0x00000000c0000000,0x00000000c062e498,0x00000000cab00000)
 Metaspace       used 6231K, capacity 7088K, committed 7296K, reserved 1056768K
  class space    used 597K, capacity 616K, committed 640K, reserved 1048576K
}

Deoptimization events (10 events):
Event: 0.393 Thread 0x000000001728b000 Uncommon trap: reason=unstable_if action=reinterpret pc=0x00000000025cd854 method=com.android.dx.ssa.NormalSsaInsn.getLocalAssignment()Lcom/android/dx/rop/code/RegisterSpec; @ 12
Event: 0.393 Thread 0x000000001728b000 Uncommon trap: reason=unstable_if action=reinterpret pc=0x00000000025bb470 method=com.android.dx.ssa.NormalSsaInsn.getLocalAssignment()Lcom/android/dx/rop/code/RegisterSpec; @ 12
Event: 0.396 Thread 0x000000001728b000 Uncommon trap: reason=unstable_if action=reinterpret pc=0x0000000002633e50 method=com.android.dx.ssa.NormalSsaInsn.getLocalAssignment()Lcom/android/dx/rop/code/RegisterSpec; @ 12
Event: 0.466 Thread 0x0000000017286000 Uncommon trap: reason=unstable_if action=reinterpret pc=0x000000000262599c method=com.android.dx.ssa.SsaMethod.updateOneDefinition(Lcom/android/dx/ssa/SsaInsn;Lcom/android/dx/rop/code/RegisterSpec;)V @ 4
Event: 0.481 Thread 0x00000000020bd800 Uncommon trap: reason=unstable_if action=reinterpret pc=0x0000000002669090 method=java.lang.String.<init>([CII)V @ 18
Event: 0.486 Thread 0x00000000020bd800 Uncommon trap: reason=bimorphic action=maybe_recompile pc=0x0000000002584ea8 method=java.util.HashMap.getNode(ILjava/lang/Object;)Ljava/util/HashMap$Node; @ 126
Event: 0.502 Thread 0x000000001728b000 Uncommon trap: reason=bimorphic action=maybe_recompile pc=0x0000000002584ea8 method=java.util.HashMap.getNode(ILjava/lang/Object;)Ljava/util/HashMap$Node; @ 126
Event: 0.608 Thread 0x0000000017286000 Uncommon trap: reason=null_check action=make_not_entrant pc=0x00000000025ba868 method=com.android.dx.rop.type.Type.equals(Ljava/lang/Object;)Z @ 8
Event: 0.763 Thread 0x000000001728b000 Uncommon trap: reason=unstable_if action=reinterpret pc=0x00000000027f22e4 method=java.util.HashMap.putVal(ILjava/lang/Object;Ljava/lang/Object;ZZ)Ljava/lang/Object; @ 162
Event: 0.763 Thread 0x000000001728b000 Uncommon trap: reason=unstable_if action=reinterpret pc=0x0000000002584e88 method=java.util.HashMap.getNode(ILjava/lang/Object;)Ljava/util/HashMap$Node; @ 84

Internal exceptions (3 events):
Event: 0.036 Thread 0x00000000020bd800 Exception <a 'java/lang/NoSuchMethodError': Method sun.misc.Unsafe.defineClass(Ljava/lang/String;[BII)Ljava/lang/Class; name or signature does not match> (0x00000000eab0da48) thrown at [C:\re\workspace\8-2-build-windows-amd64-cygwin\jdk8u66\4988\hotspot\srÛ"©íª¢?
Event: 0.036 Thread 0x00000000020bd800 Exception <a 'java/lang/NoSuchMethodError': Method sun.misc.Unsafe.prefetchRead(Ljava/lang/Object;J)V name or signature does not match> (0x00000000eab0dd30) thrown at [C:\re\workspace\8-2-build-windows-amd64-cygwin\jdk8u66\4988\hotspot\src\share\vm\prims\jÐuy€Êpã?
Event: 0.608 Thread 0x0000000017286000 Implicit null exception at 0x00000000025ba762 to 0x00000000025ba85a

Events (10 events):
Event: 0.608 Thread 0x0000000017286000 DEOPT PACKING pc=0x00000000025ba868 sp=0x000000001874e7d0
Event: 0.608 Thread 0x0000000017286000 DEOPT UNPACKING pc=0x000000000236582a sp=0x000000001874e758 mode 2
Event: 0.763 Thread 0x000000001728b000 Uncommon trap: trap_request=0xffffff65 fr.pc=0x00000000027f22e4
Event: 0.763 Thread 0x000000001728b000 DEOPT PACKING pc=0x00000000027f22e4 sp=0x000000001884e7b0
Event: 0.763 Thread 0x000000001728b000 DEOPT UNPACKING pc=0x000000000236582a sp=0x000000001884e738 mode 2
Event: 0.763 Thread 0x000000001728b000 Uncommon trap: trap_request=0xffffff65 fr.pc=0x0000000002584e88
Event: 0.763 Thread 0x000000001728b000 DEOPT PACKING pc=0x0000000002584e88 sp=0x000000001884e4b0
Event: 0.763 Thread 0x000000001728b000 DEOPT UNPACKING pc=0x000000000236582a sp=0x000000001884e438 mode 2
Event: 0.791 Executing VM operation: ParallelGCFailedAllocation
Event: 0.826 Executing VM operation: ParallelGCFailedAllocation done


Dynamic libraries:
0x00007ff63ffc0000 - 0x00007ff63fff7000 	C:\Program Files (x86)\Java\jdk1.8.0_66\bin\java.exe
0x00007ffd77870000 - 0x00007ffd77a31000 	C:\WINDOWS\SYSTEM32\ntdll.dll
0x00007ffd76790000 - 0x00007ffd7683d000 	C:\WINDOWS\system32\KERNEL32.DLL
0x00007ffd748b0000 - 0x00007ffd74a98000 	C:\WINDOWS\system32\KERNELBASE.dll
0x00007ffd769d0000 - 0x00007ffd76a77000 	C:\WINDOWS\system32\ADVAPI32.dll
0x00007ffd762e0000 - 0x00007ffd7637d000 	C:\WINDOWS\system32\msvcrt.dll
0x00007ffd77800000 - 0x00007ffd7785b000 	C:\WINDOWS\system32\sechost.dll
0x00007ffd761b0000 - 0x00007ffd762cc000 	C:\WINDOWS\system32\RPCRT4.dll
0x00007ffd76d20000 - 0x00007ffd76e76000 	C:\WINDOWS\system32\USER32.dll
0x00007ffd76840000 - 0x00007ffd769c6000 	C:\WINDOWS\system32\GDI32.dll
0x00007ffd5ed10000 - 0x00007ffd5ef84000 	C:\WINDOWS\WinSxS\amd64_microsoft.windows.common-controls_6595b64144ccf1df_6.0.10586.0_none_8c15ae12515e1c22\COMCTL32.dll
0x00007ffd76aa0000 - 0x00007ffd76d1d000 	C:\WINDOWS\system32\combase.dll
0x00007ffd74720000 - 0x00007ffd7478a000 	C:\WINDOWS\system32\bcryptPrimitives.dll
0x00007ffd76530000 - 0x00007ffd7656b000 	C:\WINDOWS\system32\IMM32.DLL
0x000000006f8b0000 - 0x000000006f982000 	C:\Program Files (x86)\Java\jdk1.8.0_66\jre\bin\msvcr100.dll
0x000000006fd90000 - 0x0000000070619000 	C:\Program Files (x86)\Java\jdk1.8.0_66\jre\bin\server\jvm.dll
0x00007ffd762d0000 - 0x00007ffd762d8000 	C:\WINDOWS\system32\PSAPI.DLL
0x00007ffd6cc80000 - 0x00007ffd6cc89000 	C:\WINDOWS\SYSTEM32\WSOCK32.dll
0x00007ffd76e80000 - 0x00007ffd76eeb000 	C:\WINDOWS\system32\WS2_32.dll
0x00007ffd71dd0000 - 0x00007ffd71df3000 	C:\WINDOWS\SYSTEM32\WINMM.dll
0x00007ffd71ac0000 - 0x00007ffd71aec000 	C:\WINDOWS\SYSTEM32\WINMMBASE.dll
0x00007ffd718a0000 - 0x00007ffd718aa000 	C:\WINDOWS\SYSTEM32\VERSION.dll
0x00007ffd74790000 - 0x00007ffd747d3000 	C:\WINDOWS\system32\cfgmgr32.dll
0x000000006fd80000 - 0x000000006fd8f000 	C:\Program Files (x86)\Java\jdk1.8.0_66\jre\bin\verify.dll
0x000000006fd50000 - 0x000000006fd79000 	C:\Program Files (x86)\Java\jdk1.8.0_66\jre\bin\java.dll
0x000000006fd30000 - 0x000000006fd46000 	C:\Program Files (x86)\Java\jdk1.8.0_66\jre\bin\zip.dll
0x00007ffd74c50000 - 0x00007ffd761af000 	C:\WINDOWS\system32\SHELL32.dll
0x00007ffd73f00000 - 0x00007ffd74544000 	C:\WINDOWS\system32\windows.storage.dll
0x00007ffd776c0000 - 0x00007ffd77712000 	C:\WINDOWS\system32\shlwapi.dll
0x00007ffd73e90000 - 0x00007ffd73e9f000 	C:\WINDOWS\system32\kernel.appcore.dll
0x00007ffd74aa0000 - 0x00007ffd74b55000 	C:\WINDOWS\system32\shcore.dll
0x00007ffd73ea0000 - 0x00007ffd73eeb000 	C:\WINDOWS\system32\powrprof.dll
0x00007ffd73e70000 - 0x00007ffd73e84000 	C:\WINDOWS\system32\profapi.dll

VM Arguments:
jvm_args: -Djava.awt.headless=true -Xmx1024M -Dfile.encoding=windows-1252 -Duser.country=DE -Duser.language=de -Duser.variant 
java_command: com.android.dx.command.Main --dex --num-threads=4 --output C:\Users\Steppo\AndroidStudioProjects\Zapp\app\build\intermediates\pre-dexed\debug\com.google.android.gms-play-services-basement-8.1.0_933ba0c10f6e477c1646ca681506612a3fbf20d6.jar C:\Users\Steppo\AndroidStudioProjects\Zapp\app\build\intermediates\exploded-aar\com.google.android.gms\play-services-basement\8.1.0\jars\classes.jar
java_class_path (initial): C:\Android\android-sdk\build-tools\23.0.2\lib\dx.jar
Launcher Type: SUN_STANDARD

Environment Variables:
JAVA_HOME=C:\Program Files (x86)\Java\jdk1.8.0_66
PATH=C:\ProgramData\Oracle\Java\javapath;C:\Program Files (x86)\Intel\iCLS Client\;C:\Program Files\Intel\iCLS Client\;C:\Windows\system32;C:\Windows;C:\Windows\System32\Wbem;C:\Windows\System32\WindowsPowerShell\v1.0\;C:\Program Files (x86)\Git\cmd;C:\Program Files (x86)\Git\bin;C:\Program Files (x86)\Skype\Phone\;C:\WINDOWS\system32;C:\WINDOWS;C:\WINDOWS\System32\Wbem;C:\WINDOWS\System32\WindowsPowerShell\v1.0\;C:\Program Files\Intel\Intel(R) Management Engine Components\DAL;C:\Program Files\Intel\Intel(R) Management Engine Components\IPT;C:\Program Files (x86)\NVIDIA Corporation\PhysX\Common;C:\Program Files (x86)\AMD\ATI.ACE\Core-Static;C:\Program Files (x86)\Java\jdk1.8.0_66/bin;C:\Program Files (x86)\MySQL\MySQL Fabric 1.5 & MySQL Utilities 1.5\;C:\Program Files (x86)\MySQL\MySQL Fabric 1.5 & MySQL Utilities 1.5\Doctrine extensions for PHP\;C:\WINDOWS\system32;C:\WINDOWS;C:\WINDOWS\System32\Wbem;C:\WINDOWS\System32\WindowsPowerShell\v1.0\;C:\Program Files\nodejs\;C:\Program Files\Git\cmd;C:\Android\android-sdk\tools;C:\Android\android-sdk\platform-tools;C:\Users\Steppo\AppData\Roaming\npm
USERNAME=Steppo
OS=Windows_NT
PROCESSOR_IDENTIFIER=Intel64 Family 6 Model 60 Stepping 3, GenuineIntel



---------------  S Y S T E M  ---------------

OS: Windows 10.0 , 64 bit Build 10586 (10.0.10586.0)

CPU:total 8 (4 cores per cpu, 2 threads per core) family 6 model 60 stepping 3, cmov, cx8, fxsr, mmx, sse, sse2, sse3, ssse3, sse4.1, sse4.2, popcnt, avx, avx2, aes, clmul, erms, lzcnt, ht, tsc, tscinvbit, bmi1, bmi2

Memory: 4k page, physical 16724008k(5265356k free), swap 16724008k(12352k free)

vm_info: Java HotSpot(TM) 64-Bit Server VM (25.66-b17) for windows-amd64 JRE (1.8.0_66-b17), built on Oct  6 2015 18:55:33 by "java_re" with MS VC++ 10.0 (VS2010)

time: Sun Jan 10 22:43:47 2016
elapsed time: 0 seconds (0d 0h 0m 0s)

