#
# A fatal error has been detected by the Java Runtime Environment:
#
#  Internal Error (0xc06d007e), pid=4836, tid=9052
#
# JRE version:  (8.0_66-b17) (build )
# Java VM: Java HotSpot(TM) 64-Bit Server VM (25.66-b17 mixed mode windows-amd64 compressed oops)
# Problematic frame:
# C  [KERNELBASE.dll+0x71f08]
#
# Failed to write core dump. Minidumps are not enabled by default on client versions of Windows
#
# If you would like to submit a bug report, please visit:
#   http://bugreport.java.com/bugreport/crash.jsp
# The crash happened outside the Java Virtual Machine in native code.
# See problematic frame for where to report the bug.
#

---------------  T H R E A D  ---------------

Current thread (0x000000000213d800):  JavaThread "main" [_thread_in_native, id=9052, stack(0x0000000001fc0000,0x00000000020c0000)]

siginfo: ExceptionCode=0xc06d007e, ExceptionInformation=0x00000000020be8a0 

Registers:
RAX=0x00000000001802b4, RBX=0x0000000000000000, RCX=0xd528000032a4fd01, RDX=0x0000000000000000
RSP=0x00000000020be7a0, RBP=0x00000000020be8f8, RSI=0x0000000050d9d874, RDI=0x0000000000000000
R8 =0x0000000000000000, R9 =0x000000000000000c, R10=0x0000000000000020, R11=0x000000000c00000c
R12=0x0000000000000001, R13=0x0000000050da5780, R14=0x0000000050da5510, R15=0x0000000050d9d900
RIP=0x00007ffaa8281f08, EFLAGS=0x0000000000000202

Top of Stack: (sp=0x00000000020be7a0)
0x00000000020be7a0:   0000000000000000 0000000000000000
0x00000000020be7b0:   0000000050d9d874 0000000000000000
0x00000000020be7c0:   00000000c06d007e 0000000000000000
0x00000000020be7d0:   00007ffaa8281f08 00007ffa00000001
0x00000000020be7e0:   00000000020be8a0 00000000004b8f60
0x00000000020be7f0:   0000000000000000 0000000000000000
0x00000000020be800:   0000000000000000 00007ffaa826fadf
0x00000000020be810:   0000000000000000 0000000050d9d874
0x00000000020be820:   0000000000000000 0000000000000000
0x00000000020be830:   0000000000000000 0000000000000000
0x00000000020be840:   0000000050d9cb40 00007ffaa826fa89
0x00000000020be850:   0000000000000000 00000000516a4e7e
0x00000000020be860:   00005a45220aeb25 0000000051675695
0x00000000020be870:   0000000000000000 0000000050d98867
0x00000000020be880:   0000000000000000 0000000050d9d874
0x00000000020be890:   0000000000000001 00000000516a38a8 

Instructions: (pc=0x00007ffaa8281f08)
0x00007ffaa8281ee8:   49 8b d1 44 0f 47 c0 44 89 44 24 38 49 c1 e0 03
0x00007ffaa8281ef8:   e8 27 b2 00 00 48 8d 4c 24 20 ff 15 e8 a7 05 00
0x00007ffaa8281f08:   48 8b 8c 24 c0 00 00 00 48 33 cc e8 98 7a 00 00
0x00007ffaa8281f18:   48 81 c4 d8 00 00 00 c3 83 64 24 38 00 eb d6 cc 


Register to memory mapping:

RAX=0x00000000001802b4 is an unknown value
RBX=0x0000000000000000 is an unknown value
RCX=0xd528000032a4fd01 is an unknown value
RDX=0x0000000000000000 is an unknown value
RSP=0x00000000020be7a0 is pointing into the stack for thread: 0x000000000213d800
RBP=0x00000000020be8f8 is pointing into the stack for thread: 0x000000000213d800
RSI=0x0000000050d9d874 is an unknown value
RDI=0x0000000000000000 is an unknown value
R8 =0x0000000000000000 is an unknown value
R9 =0x000000000000000c is an unknown value
R10=0x0000000000000020 is an unknown value
R11=0x000000000c00000c is an unknown value
R12=0x0000000000000001 is an unknown value
R13=0x0000000050da5780 is an unknown value
R14=0x0000000050da5510 is an unknown value
R15=0x0000000050d9d900 is an unknown value


Stack: [0x0000000001fc0000,0x00000000020c0000],  sp=0x00000000020be7a0,  free space=1017k
Native frames: (J=compiled Java code, j=interpreted, Vv=VM code, C=native code)
C  [KERNELBASE.dll+0x71f08]
C  [java.dll+0x18867]
C  [java.dll+0x18693]
C  [java.dll+0xd26a]
C  [java.dll+0xd9a0]
C  [java.dll+0x66d8]
C  0x0000000002355e34

Java frames: (J=compiled Java code, j=interpreted, Vv=VM code)
j  java.lang.System.initProperties(Ljava/util/Properties;)Ljava/util/Properties;+0
j  java.lang.System.initializeSystemClass()V+13
v  ~StubRoutines::call_stub

---------------  P R O C E S S  ---------------

Java Threads: ( => current thread )
  0x0000000002333800 JavaThread "Finalizer" daemon [_thread_blocked, id=10976, stack(0x0000000016d50000,0x0000000016e50000)]
  0x0000000002332000 JavaThread "Reference Handler" daemon [_thread_blocked, id=10468, stack(0x0000000016c50000,0x0000000016d50000)]
=>0x000000000213d800 JavaThread "main" [_thread_in_native, id=9052, stack(0x0000000001fc0000,0x00000000020c0000)]

Other Threads:
  0x0000000014e59800 VMThread [stack: 0x0000000016b50000,0x0000000016c50000] [id=8136]

VM state:not at safepoint (normal execution)

VM Mutex/Monitor currently owned by a thread: None

Heap:
 PSYoungGen      total 76288K, used 2621K [0x00000000eab00000, 0x00000000f0000000, 0x0000000100000000)
  eden space 65536K, 4% used [0x00000000eab00000,0x00000000ead8f680,0x00000000eeb00000)
  from space 10752K, 0% used [0x00000000ef580000,0x00000000ef580000,0x00000000f0000000)
  to   space 10752K, 0% used [0x00000000eeb00000,0x00000000eeb00000,0x00000000ef580000)
 ParOldGen       total 175104K, used 0K [0x00000000c0000000, 0x00000000cab00000, 0x00000000eab00000)
  object space 175104K, 0% used [0x00000000c0000000,0x00000000c0000000,0x00000000cab00000)
 Metaspace       used 959K, capacity 4480K, committed 4480K, reserved 1056768K
  class space    used 99K, capacity 384K, committed 384K, reserved 1048576K

Card table byte_map: [0x0000000011700000,0x0000000011910000] byte_map_base: 0x0000000011100000

Marking Bits: (ParMarkBitMap*) 0x00000000515ca5b0
 Begin Bits: [0x0000000012270000, 0x0000000013270000)
 End Bits:   [0x0000000013270000, 0x0000000014270000)

Polling page: 0x00000000007a0000

CodeCache: size=245760Kb used=402Kb max_used=402Kb free=245357Kb
 bounds [0x0000000002340000, 0x00000000025b0000, 0x0000000011340000]
 total_blobs=99 nmethods=0 adapters=73
 compilation: enabled

Compilation events (0 events):
No events

GC Heap History (0 events):
No events

Deoptimization events (0 events):
No events

Internal exceptions (0 events):
No events

Events (10 events):
Event: 0.095 loading class java/lang/ref/Finalizer$FinalizerThread done
Event: 0.095 Thread 0x0000000002333800 Thread added: 0x0000000002333800
Event: 0.095 loading class java/util/Hashtable$Entry
Event: 0.095 loading class java/util/Map$Entry
Event: 0.095 loading class java/util/Map$Entry done
Event: 0.095 loading class java/util/Hashtable$Entry done
Event: 0.095 loading class java/lang/Math
Event: 0.096 loading class java/lang/Math done
Event: 0.099 loading class sun/misc/VM
Event: 0.099 loading class sun/misc/VM done


Dynamic libraries:
0x00007ff7503a0000 - 0x00007ff7503d7000 	C:\Program Files (x86)\Java\jdk1.8.0_66\bin\java.exe
0x00007ffaab1c0000 - 0x00007ffaab381000 	C:\WINDOWS\SYSTEM32\ntdll.dll
0x00007ffaa8b50000 - 0x00007ffaa8bfd000 	C:\WINDOWS\system32\KERNEL32.DLL
0x00007ffaa8210000 - 0x00007ffaa83f8000 	C:\WINDOWS\system32\KERNELBASE.dll
0x00007ffaa85a0000 - 0x00007ffaa8647000 	C:\WINDOWS\system32\ADVAPI32.dll
0x00007ffaa9600000 - 0x00007ffaa969d000 	C:\WINDOWS\system32\msvcrt.dll
0x00007ffaa86c0000 - 0x00007ffaa871b000 	C:\WINDOWS\system32\sechost.dll
0x00007ffaaacb0000 - 0x00007ffaaadcc000 	C:\WINDOWS\system32\RPCRT4.dll
0x00007ffaa9440000 - 0x00007ffaa9596000 	C:\WINDOWS\system32\USER32.dll
0x00007ffaa8c00000 - 0x00007ffaa8d86000 	C:\WINDOWS\system32\GDI32.dll
0x00007ffa92610000 - 0x00007ffa92884000 	C:\WINDOWS\WinSxS\amd64_microsoft.windows.common-controls_6595b64144ccf1df_6.0.10586.0_none_8c15ae12515e1c22\COMCTL32.dll
0x00007ffaa91c0000 - 0x00007ffaa943d000 	C:\WINDOWS\system32\combase.dll
0x00007ffaa84b0000 - 0x00007ffaa851a000 	C:\WINDOWS\system32\bcryptPrimitives.dll
0x00007ffaaac70000 - 0x00007ffaaacab000 	C:\WINDOWS\system32\IMM32.DLL
0x0000000051650000 - 0x0000000051722000 	C:\Program Files (x86)\Java\jdk1.8.0_66\jre\bin\msvcr100.dll
0x0000000050dc0000 - 0x0000000051649000 	C:\Program Files (x86)\Java\jdk1.8.0_66\jre\bin\server\jvm.dll
0x00007ffaa8e80000 - 0x00007ffaa8e88000 	C:\WINDOWS\system32\PSAPI.DLL
0x00007ffaa03b0000 - 0x00007ffaa03b9000 	C:\WINDOWS\SYSTEM32\WSOCK32.dll
0x00007ffaaadd0000 - 0x00007ffaaae3b000 	C:\WINDOWS\system32\WS2_32.dll
0x00007ffaa5960000 - 0x00007ffaa5983000 	C:\WINDOWS\SYSTEM32\WINMM.dll
0x00007ffaa3af0000 - 0x00007ffaa3afa000 	C:\WINDOWS\SYSTEM32\VERSION.dll
0x00007ffaa5900000 - 0x00007ffaa592c000 	C:\WINDOWS\SYSTEM32\WINMMBASE.dll
0x00007ffaa7ae0000 - 0x00007ffaa7b23000 	C:\WINDOWS\system32\cfgmgr32.dll
0x0000000050db0000 - 0x0000000050dbf000 	C:\Program Files (x86)\Java\jdk1.8.0_66\jre\bin\verify.dll
0x0000000050d80000 - 0x0000000050da9000 	C:\Program Files (x86)\Java\jdk1.8.0_66\jre\bin\java.dll
0x0000000050d60000 - 0x0000000050d76000 	C:\Program Files (x86)\Java\jdk1.8.0_66\jre\bin\zip.dll
0x00007ffa9c030000 - 0x00007ffa9c1bc000 	C:\WINDOWS\SYSTEM32\dbghelp.dll

VM Arguments:
jvm_args: -Djava.awt.headless=true -Xmx1024M -Dfile.encoding=windows-1252 -Duser.country=DE -Duser.language=de -Duser.variant 
java_command: com.android.dx.command.Main --dex --num-threads=4 --output C:\Users\Steppo\AndroidStudioProjects\Zapp\app\build\intermediates\pre-dexed\debug\com.google.android.gms-play-services-plus-8.4.0_f698469674ef2f5452e91c4bfa4f5e3538e5465d.jar C:\Users\Steppo\AndroidStudioProjects\Zapp\app\build\intermediates\exploded-aar\com.google.android.gms\play-services-plus\8.4.0\jars\classes.jar
java_class_path (initial): C:\Android\android-sdk\build-tools\23.0.2\lib\dx.jar
Launcher Type: SUN_STANDARD

Environment Variables:
JAVA_HOME=C:\Program Files (x86)\Java\jdk1.8.0_66
PATH=C:\ProgramData\Oracle\Java\javapath;C:\Program Files (x86)\Intel\iCLS Client\;C:\Program Files\Intel\iCLS Client\;C:\Windows\system32;C:\Windows;C:\Windows\System32\Wbem;C:\Windows\System32\WindowsPowerShell\v1.0\;C:\Program Files (x86)\Git\cmd;C:\Program Files (x86)\Git\bin;C:\Program Files (x86)\Skype\Phone\;C:\WINDOWS\system32;C:\WINDOWS;C:\WINDOWS\System32\Wbem;C:\WINDOWS\System32\WindowsPowerShell\v1.0\;C:\Program Files\Intel\Intel(R) Management Engine Components\DAL;C:\Program Files\Intel\Intel(R) Management Engine Components\IPT;C:\Program Files (x86)\NVIDIA Corporation\PhysX\Common;C:\Program Files (x86)\AMD\ATI.ACE\Core-Static;C:\Program Files (x86)\Java\jdk1.8.0_66/bin;C:\Program Files (x86)\MySQL\MySQL Fabric 1.5 & MySQL Utilities 1.5\;C:\Program Files (x86)\MySQL\MySQL Fabric 1.5 & MySQL Utilities 1.5\Doctrine extensions for PHP\;C:\WINDOWS\system32;C:\WINDOWS;C:\WINDOWS\System32\Wbem;C:\WINDOWS\System32\WindowsPowerShell\v1.0\;C:\Program Files\nodejs\;C:\Program Files\Git\cmd;C:\Android\android-sdk\tools;C:\Android\android-sdk\platform-tools;C:\Users\Steppo\AppData\Roaming\npm
USERNAME=Steppo
OS=Windows_NT
PROCESSOR_IDENTIFIER=Intel64 Family 6 Model 60 Stepping 3, GenuineIntel



---------------  S Y S T E M  ---------------

OS: Windows 10.0 , 64 bit Build 10586 (10.0.10586.0)

CPU:total 8 (4 cores per cpu, 2 threads per core) family 6 model 60 stepping 3, cmov, cx8, fxsr, mmx, sse, sse2, sse3, ssse3, sse4.1, sse4.2, popcnt, avx, avx2, aes, clmul, erms, lzcnt, ht, tsc, tscinvbit, bmi1, bmi2

Memory: 4k page, physical 16724008k(5187584k free), swap 16724008k(654000k free)

vm_info: Java HotSpot(TM) 64-Bit Server VM (25.66-b17) for windows-amd64 JRE (1.8.0_66-b17), built on Oct  6 2015 18:55:33 by "java_re" with MS VC++ 10.0 (VS2010)

time: Sun Jan 17 13:42:02 2016
elapsed time: 0 seconds (0d 0h 0m 0s)

