#
# There is insufficient memory for the Java Runtime Environment to continue.
# Native memory allocation (malloc) failed to allocate 2302288 bytes for Chunk::new
# Possible reasons:
#   The system is out of physical RAM or swap space
#   In 32 bit mode, the process size limit was hit
# Possible solutions:
#   Reduce memory load on the system
#   Increase physical memory or swap space
#   Check if swap backing store is full
#   Use 64 bit Java on a 64 bit OS
#   Decrease Java heap size (-Xmx/-Xms)
#   Decrease number of Java threads
#   Decrease Java thread stack sizes (-Xss)
#   Set larger code cache with -XX:ReservedCodeCacheSize=
# This output file may be truncated or incomplete.
#
#  Out of Memory Error (allocation.cpp:390), pid=4084, tid=1056
#
# JRE version: Java(TM) SE Runtime Environment (8.0_66-b17) (build 1.8.0_66-b17)
# Java VM: Java HotSpot(TM) 64-Bit Server VM (25.66-b17 mixed mode windows-amd64 compressed oops)
# Failed to write core dump. Minidumps are not enabled by default on client versions of Windows
#

---------------  T H R E A D  ---------------

Current thread (0x0000000016fe2000):  JavaThread "C2 CompilerThread1" daemon [_thread_in_native, id=1056, stack(0x0000000017660000,0x0000000017760000)]

Stack: [0x0000000017660000,0x0000000017760000]
[error occurred during error reporting (printing stack bounds), id 0xc0000005]

Native frames: (J=compiled Java code, j=interpreted, Vv=VM code, C=native code)


Current CompileTask:
C2:   3126 1837   !   4       com.android.dx.cf.code.Ropper::processBlock (1101 bytes)


---------------  P R O C E S S  ---------------

Java Threads: ( => current thread )
  0x000000001735d800 JavaThread "pool-1-thread-4" [_thread_blocked, id=4624, stack(0x0000000018760000,0x0000000018860000)]
  0x000000001735c800 JavaThread "pool-1-thread-3" [_thread_blocked, id=5244, stack(0x0000000018660000,0x0000000018760000)]
  0x000000001735b800 JavaThread "pool-1-thread-2" [_thread_blocked, id=2600, stack(0x0000000018560000,0x0000000018660000)]
  0x0000000017258800 JavaThread "pool-2-thread-1" [_thread_blocked, id=12408, stack(0x0000000018460000,0x0000000018560000)]
  0x0000000017257800 JavaThread "pool-1-thread-1" [_thread_blocked, id=10540, stack(0x0000000018360000,0x0000000018460000)]
  0x0000000016fee000 JavaThread "Service Thread" daemon [_thread_blocked, id=6772, stack(0x0000000017960000,0x0000000017a60000)]
  0x0000000016fe8800 JavaThread "C1 CompilerThread3" daemon [_thread_blocked, id=5372, stack(0x0000000017860000,0x0000000017960000)]
  0x0000000016fe4000 JavaThread "C2 CompilerThread2" daemon [_thread_blocked, id=11348, stack(0x0000000017760000,0x0000000017860000)]
=>0x0000000016fe2000 JavaThread "C2 CompilerThread1" daemon [_thread_in_native, id=1056, stack(0x0000000017660000,0x0000000017760000)]
  0x0000000016f86800 JavaThread "C2 CompilerThread0" daemon [_thread_blocked, id=5420, stack(0x0000000017560000,0x0000000017660000)]
  0x0000000016f85000 JavaThread "Attach Listener" daemon [_thread_blocked, id=1864, stack(0x0000000017460000,0x0000000017560000)]
  0x0000000016f84000 JavaThread "Signal Dispatcher" daemon [_thread_blocked, id=2504, stack(0x0000000017360000,0x0000000017460000)]
  0x0000000002359000 JavaThread "Finalizer" daemon [_thread_blocked, id=4508, stack(0x0000000016d50000,0x0000000016e50000)]
  0x0000000002352000 JavaThread "Reference Handler" daemon [_thread_blocked, id=7824, stack(0x0000000016c50000,0x0000000016d50000)]
  0x000000000225d800 JavaThread "main" [_thread_blocked, id=9068, stack(0x0000000002060000,0x0000000002160000)]

Other Threads:
  0x0000000014e79800 VMThread [stack: 0x0000000016b50000,0x0000000016c50000] [id=480]
  0x0000000016ff6800 WatcherThread [stack: 0x0000000017a60000,0x0000000017b60000] [id=8624]

VM state:at safepoint (normal execution)

VM Mutex/Monitor currently owned by a thread:  ([mutex/lock_event])
[0x000000000225ca00] Threads_lock - owner thread: 0x0000000014e79800
[0x000000000225cc00] Heap_lock - owner thread: 0x0000000017257800

Heap:
 PSYoungGen      total 76288K, used 76099K [0x00000000eab00000, 0x00000000f4000000, 0x0000000100000000)
  eden space 65536K, 100% used [0x00000000eab00000,0x00000000eeb00000,0x00000000eeb00000)
  from space 10752K, 98% used [0x00000000eeb00000,0x00000000ef550e10,0x00000000ef580000)
  to   space 10752K, 99% used [0x00000000f3580000,0x00000000f3ffa2c8,0x00000000f4000000)
 ParOldGen       total 175104K, used 6808K [0x00000000c0000000, 0x00000000cab00000, 0x00000000eab00000)
  object space 175104K, 3% used [0x00000000c0000000,0x00000000c06a6000,0x00000000cab00000)
 Metaspace       used 6377K, capacity 7192K, committed 7424K, reserved 1058816K
  class space    used 623K, capacity 656K, committed 768K, reserved 1048576K

Card table byte_map: [0x0000000011720000,0x0000000011930000] byte_map_base: 0x0000000011120000

Marking Bits: (ParMarkBitMap*) 0x00000000515ca5b0
 Begin Bits: [0x0000000012290000, 0x0000000013290000)
 End Bits:   [0x0000000013290000, 0x0000000014290000)

Polling page: 0x00000000008a0000

CodeCache: size=245760Kb used=8375Kb max_used=8388Kb free=237384Kb
 bounds [0x0000000002360000, 0x0000000002ba0000, 0x0000000011360000]
 total_blobs=2149 nmethods=1879 adapters=182
 compilation: enabled

Compilation events (10 events):
Event: 3.046 Thread 0x0000000016fe4000 1886   !   4       com.android.dx.rop.type.Prototype::putIntern (50 bytes)
Event: 3.047 Thread 0x0000000016f86800 1887       4       com.android.dx.rop.type.Prototype::<init> (67 bytes)
Event: 3.047 Thread 0x0000000016fe8800 1888   !   3       com.android.dx.cf.attrib.AttExceptions::<init> (45 bytes)
Event: 3.047 Thread 0x0000000016fe8800 nmethod 1888 0x0000000002b7c0d0 code [0x0000000002b7c280, 0x0000000002b7c7a8]
Event: 3.048 Thread 0x0000000016fe8800 1889       3       com.android.dx.cf.attrib.AttExceptions::byteLength (15 bytes)
Event: 3.048 Thread 0x0000000016fe8800 nmethod 1889 0x0000000002b570d0 code [0x0000000002b57240, 0x0000000002b57468]
Event: 3.048 Thread 0x0000000016f86800 nmethod 1887 0x0000000002b55290 code [0x0000000002b553c0, 0x0000000002b554b8]
Event: 3.050 Thread 0x0000000016f86800 1890       4       com.android.dx.util.LabeledList::<init> (57 bytes)
Event: 3.052 Thread 0x0000000016fe4000 nmethod 1886 0x0000000002b92a50 code [0x0000000002b92be0, 0x0000000002b934f8]
Event: 3.052 Thread 0x0000000016fe4000 1891   !   4       com.android.dx.cf.code.BaseMachine::result (36 bytes)

GC Heap History (3 events):
Event: 1.148 GC heap before
{Heap before GC invocations=1 (full 0):
 PSYoungGen      total 76288K, used 65536K [0x00000000eab00000, 0x00000000f0000000, 0x0000000100000000)
  eden space 65536K, 100% used [0x00000000eab00000,0x00000000eeb00000,0x00000000eeb00000)
  from space 10752K, 0% used [0x00000000ef580000,0x00000000ef580000,0x00000000f0000000)
  to   space 10752K, 0% used [0x00000000eeb00000,0x00000000eeb00000,0x00000000ef580000)
 ParOldGen       total 175104K, used 0K [0x00000000c0000000, 0x00000000cab00000, 0x00000000eab00000)
  object space 175104K, 0% used [0x00000000c0000000,0x00000000c0000000,0x00000000cab00000)
 Metaspace       used 6131K, capacity 7024K, committed 7296K, reserved 1058816K
  class space    used 598K, capacity 616K, committed 640K, reserved 1048576K
Event: 1.415 GC heap after
Heap after GC invocations=1 (full 0):
 PSYoungGen      total 76288K, used 10563K [0x00000000eab00000, 0x00000000f4000000, 0x0000000100000000)
  eden space 65536K, 0% used [0x00000000eab00000,0x00000000eab00000,0x00000000eeb00000)
  from space 10752K, 98% used [0x00000000eeb00000,0x00000000ef550e10,0x00000000ef580000)
  to   space 10752K, 0% used [0x00000000f3580000,0x00000000f3580000,0x00000000f4000000)
 ParOldGen       total 175104K, used 8K [0x00000000c0000000, 0x00000000cab00000, 0x00000000eab00000)
  object space 175104K, 0% used [0x00000000c0000000,0x00000000c0002000,0x00000000cab00000)
 Metaspace       used 6131K, capacity 7024K, committed 7296K, reserved 1058816K
  class space    used 598K, capacity 616K, committed 640K, reserved 1048576K
}
Event: 3.053 GC heap before
{Heap before GC invocations=2 (full 0):
 PSYoungGen      total 76288K, used 76099K [0x00000000eab00000, 0x00000000f4000000, 0x0000000100000000)
  eden space 65536K, 100% used [0x00000000eab00000,0x00000000eeb00000,0x00000000eeb00000)
  from space 10752K, 98% used [0x00000000eeb00000,0x00000000ef550e10,0x00000000ef580000)
  to   space 10752K, 0% used [0x00000000f3580000,0x00000000f3580000,0x00000000f4000000)
 ParOldGen       total 175104K, used 8K [0x00000000c0000000, 0x00000000cab00000, 0x00000000eab00000)
  object space 175104K, 0% used [0x00000000c0000000,0x00000000c0002000,0x00000000cab00000)
 Metaspace       used 6377K, capacity 7192K, committed 7424K, reserved 1058816K
  class space    used 623K, capacity 656K, committed 768K, reserved 1048576K

Deoptimization events (10 events):
Event: 1.989 Thread 0x000000001735b800 Uncommon trap: reason=unstable_if action=reinterpret pc=0x00000000028d4b0c method=com.android.dx.ssa.MoveParamCombiner$1.visitNonMoveInsn(Lcom/android/dx/ssa/NormalSsaInsn;)V @ 27
Event: 2.133 Thread 0x000000001735c800 Uncommon trap: reason=bimorphic action=maybe_recompile pc=0x00000000025dc960 method=java.util.HashMap.getNode(ILjava/lang/Object;)Ljava/util/HashMap$Node; @ 126
Event: 2.133 Thread 0x000000001735c800 Uncommon trap: reason=unstable_if action=reinterpret pc=0x000000000256f81c method=java.util.HashMap.getNode(ILjava/lang/Object;)Ljava/util/HashMap$Node; @ 129
Event: 2.177 Thread 0x000000001735c800 Uncommon trap: reason=unstable_if action=reinterpret pc=0x0000000002937a5c method=com.android.dx.ssa.LiteralOpUpgrader$1.visitNonMoveInsn(Lcom/android/dx/ssa/NormalSsaInsn;)V @ 55
Event: 2.207 Thread 0x000000001735c800 Uncommon trap: reason=bimorphic action=maybe_recompile pc=0x00000000029ffb78 method=java.util.HashMap.putVal(ILjava/lang/Object;Ljava/lang/Object;ZZ)Ljava/lang/Object; @ 203
Event: 2.210 Thread 0x000000001735c800 Uncommon trap: reason=bimorphic action=maybe_recompile pc=0x00000000029ffb78 method=java.util.HashMap.putVal(ILjava/lang/Object;Ljava/lang/Object;ZZ)Ljava/lang/Object; @ 203
Event: 2.217 Thread 0x000000001735c800 Uncommon trap: reason=unstable_if action=reinterpret pc=0x000000000261c84c method=java.util.HashMap.putVal(ILjava/lang/Object;Ljava/lang/Object;ZZ)Ljava/lang/Object; @ 162
Event: 2.381 Thread 0x000000001735d800 Uncommon trap: reason=unstable_if action=reinterpret pc=0x00000000029a18cc method=com.android.dx.cf.code.Ropper.isSynchronized()Z @ 12
Event: 2.691 Thread 0x000000001735c800 Uncommon trap: reason=unstable_if action=reinterpret pc=0x00000000029fcb94 method=java.util.HashMap.resize()[Ljava/util/HashMap$Node; @ 206
Event: 2.719 Thread 0x000000001735b800 Uncommon trap: reason=unstable_if action=reinterpret pc=0x0000000002799a58 method=com.android.dx.ssa.SCCP.simulateStmt(Lcom/android/dx/ssa/SsaInsn;)V @ 53

Internal exceptions (6 events):
Event: 0.033 Thread 0x000000000225d800 Exception <a 'java/lang/NoSuchMethodError': Method sun.misc.Unsafe.defineClass(Ljava/lang/String;[BII)Ljava/lang/Class; name or signature does not match> (0x00000000eab0da38) thrown at [C:\re\workspace\8-2-build-windows-amd64-cygwin\jdk8u66\4988\hotspot\srÔ•R½k)¡?
Event: 0.034 Thread 0x000000000225d800 Exception <a 'java/lang/NoSuchMethodError': Method sun.misc.Unsafe.prefetchRead(Ljava/lang/Object;J)V name or signature does not match> (0x00000000eab0dd20) thrown at [C:\re\workspace\8-2-build-windows-amd64-cygwin\jdk8u66\4988\hotspot\src\share\vm\prims\j%2F•ÏÂè?
Event: 0.774 Thread 0x000000001735c800 Implicit null exception at 0x000000000269b962 to 0x000000000269ba5a
Event: 2.219 Thread 0x000000001735c800 Exception <a 'java/lang/ArrayIndexOutOfBoundsException': 18> (0x00000000ed1b42f0) thrown at [C:\re\workspace\8-2-build-windows-amd64-cygwin\jdk8u66\4988\hotspot\src\share\vm\interpreter\interpreterRuntime.cpp, line 366]
Event: 2.219 Thread 0x000000001735c800 Exception <a 'java/lang/ArrayIndexOutOfBoundsException': 145> (0x00000000ed1b5e70) thrown at [C:\re\workspace\8-2-build-windows-amd64-cygwin\jdk8u66\4988\hotspot\src\share\vm\interpreter\interpreterRuntime.cpp, line 366]
Event: 2.219 Thread 0x000000001735c800 Exception <a 'java/lang/ArrayIndexOutOfBoundsException'> (0x00000000ed1b7158) thrown at [C:\re\workspace\8-2-build-windows-amd64-cygwin\jdk8u66\4988\hotspot\src\share\vm\runtime\sharedRuntime.cpp, line 605]

Events (10 events):
Event: 2.545 loading class com/android/dx/rop/code/RegisterSpec$1 done
Event: 2.667 Thread 0x000000001735d800 DEOPT PACKING pc=0x000000000276bd5d sp=0x000000001885e2c0
Event: 2.667 Thread 0x000000001735d800 DEOPT UNPACKING pc=0x00000000023a787f sp=0x000000001885e100 mode 0
Event: 2.691 Thread 0x000000001735c800 Uncommon trap: trap_request=0xffffff65 fr.pc=0x00000000029fcb94
Event: 2.691 Thread 0x000000001735c800 DEOPT PACKING pc=0x00000000029fcb94 sp=0x000000001875e0a0
Event: 2.691 Thread 0x000000001735c800 DEOPT UNPACKING pc=0x00000000023a582a sp=0x000000001875e008 mode 2
Event: 2.719 Thread 0x000000001735b800 Uncommon trap: trap_request=0xffffff65 fr.pc=0x0000000002799a58
Event: 2.719 Thread 0x000000001735b800 DEOPT PACKING pc=0x0000000002799a58 sp=0x000000001865ec20
Event: 2.719 Thread 0x000000001735b800 DEOPT UNPACKING pc=0x00000000023a582a sp=0x000000001865ebe8 mode 2
Event: 3.053 Executing VM operation: ParallelGCFailedAllocation


Dynamic libraries:
0x00007ff7503a0000 - 0x00007ff7503d7000 	C:\Program Files (x86)\Java\jdk1.8.0_66\bin\java.exe
0x00007ffaab1c0000 - 0x00007ffaab381000 	C:\WINDOWS\SYSTEM32\ntdll.dll
0x00007ffaa8b50000 - 0x00007ffaa8bfd000 	C:\WINDOWS\system32\KERNEL32.DLL
0x00007ffaa8210000 - 0x00007ffaa83f8000 	C:\WINDOWS\system32\KERNELBASE.dll
0x00007ffaa85a0000 - 0x00007ffaa8647000 	C:\WINDOWS\system32\ADVAPI32.dll
0x00007ffaa9600000 - 0x00007ffaa969d000 	C:\WINDOWS\system32\msvcrt.dll
0x00007ffaa86c0000 - 0x00007ffaa871b000 	C:\WINDOWS\system32\sechost.dll
0x00007ffaaacb0000 - 0x00007ffaaadcc000 	C:\WINDOWS\system32\RPCRT4.dll
0x00007ffaa9440000 - 0x00007ffaa9596000 	C:\WINDOWS\system32\USER32.dll
0x00007ffaa8c00000 - 0x00007ffaa8d86000 	C:\WINDOWS\system32\GDI32.dll
0x00007ffa92610000 - 0x00007ffa92884000 	C:\WINDOWS\WinSxS\amd64_microsoft.windows.common-controls_6595b64144ccf1df_6.0.10586.0_none_8c15ae12515e1c22\COMCTL32.dll
0x00007ffaa91c0000 - 0x00007ffaa943d000 	C:\WINDOWS\system32\combase.dll
0x00007ffaa84b0000 - 0x00007ffaa851a000 	C:\WINDOWS\system32\bcryptPrimitives.dll
0x00007ffaaac70000 - 0x00007ffaaacab000 	C:\WINDOWS\system32\IMM32.DLL
0x0000000051650000 - 0x0000000051722000 	C:\Program Files (x86)\Java\jdk1.8.0_66\jre\bin\msvcr100.dll
0x0000000050dc0000 - 0x0000000051649000 	C:\Program Files (x86)\Java\jdk1.8.0_66\jre\bin\server\jvm.dll
0x00007ffaa8e80000 - 0x00007ffaa8e88000 	C:\WINDOWS\system32\PSAPI.DLL
0x00007ffaa03b0000 - 0x00007ffaa03b9000 	C:\WINDOWS\SYSTEM32\WSOCK32.dll
0x00007ffaaadd0000 - 0x00007ffaaae3b000 	C:\WINDOWS\system32\WS2_32.dll
0x00007ffaa5960000 - 0x00007ffaa5983000 	C:\WINDOWS\SYSTEM32\WINMM.dll
0x00007ffaa3af0000 - 0x00007ffaa3afa000 	C:\WINDOWS\SYSTEM32\VERSION.dll
0x00007ffaa5900000 - 0x00007ffaa592c000 	C:\WINDOWS\SYSTEM32\WINMMBASE.dll
0x00007ffaa7ae0000 - 0x00007ffaa7b23000 	C:\WINDOWS\system32\cfgmgr32.dll
0x0000000050db0000 - 0x0000000050dbf000 	C:\Program Files (x86)\Java\jdk1.8.0_66\jre\bin\verify.dll
0x0000000050d80000 - 0x0000000050da9000 	C:\Program Files (x86)\Java\jdk1.8.0_66\jre\bin\java.dll
0x0000000050d60000 - 0x0000000050d76000 	C:\Program Files (x86)\Java\jdk1.8.0_66\jre\bin\zip.dll
0x00007ffaa9710000 - 0x00007ffaaac6f000 	C:\WINDOWS\system32\SHELL32.dll
0x00007ffaa7b30000 - 0x00007ffaa8174000 	C:\WINDOWS\system32\windows.storage.dll
0x00007ffaa95a0000 - 0x00007ffaa95f2000 	C:\WINDOWS\system32\shlwapi.dll
0x00007ffaa77c0000 - 0x00007ffaa77cf000 	C:\WINDOWS\system32\kernel.appcore.dll
0x00007ffaa7a20000 - 0x00007ffaa7ad5000 	C:\WINDOWS\system32\shcore.dll
0x00007ffaa77d0000 - 0x00007ffaa781b000 	C:\WINDOWS\system32\powrprof.dll
0x00007ffaa7820000 - 0x00007ffaa7834000 	C:\WINDOWS\system32\profapi.dll

VM Arguments:
jvm_args: -Djava.awt.headless=true -Xmx1024M -Dfile.encoding=windows-1252 -Duser.country=DE -Duser.language=de -Duser.variant 
java_command: com.android.dx.command.Main --dex --num-threads=4 --output C:\Users\Steppo\AndroidStudioProjects\Zapp\app\build\intermediates\pre-dexed\debug\com.google.android.gms-play-services-cast-8.4.0_9c50f20970d74f6d104b3c910b63f50ee0cf986b.jar C:\Users\Steppo\AndroidStudioProjects\Zapp\app\build\intermediates\exploded-aar\com.google.android.gms\play-services-cast\8.4.0\jars\classes.jar
java_class_path (initial): C:\Android\android-sdk\build-tools\23.0.2\lib\dx.jar
Launcher Type: SUN_STANDARD

Environment Variables:
JAVA_HOME=C:\Program Files (x86)\Java\jdk1.8.0_66
PATH=C:\ProgramData\Oracle\Java\javapath;C:\Program Files (x86)\Intel\iCLS Client\;C:\Program Files\Intel\iCLS Client\;C:\Windows\system32;C:\Windows;C:\Windows\System32\Wbem;C:\Windows\System32\WindowsPowerShell\v1.0\;C:\Program Files (x86)\Git\cmd;C:\Program Files (x86)\Git\bin;C:\Program Files (x86)\Skype\Phone\;C:\WINDOWS\system32;C:\WINDOWS;C:\WINDOWS\System32\Wbem;C:\WINDOWS\System32\WindowsPowerShell\v1.0\;C:\Program Files\Intel\Intel(R) Management Engine Components\DAL;C:\Program Files\Intel\Intel(R) Management Engine Components\IPT;C:\Program Files (x86)\NVIDIA Corporation\PhysX\Common;C:\Program Files (x86)\AMD\ATI.ACE\Core-Static;C:\Program Files (x86)\Java\jdk1.8.0_66/bin;C:\Program Files (x86)\MySQL\MySQL Fabric 1.5 & MySQL Utilities 1.5\;C:\Program Files (x86)\MySQL\MySQL Fabric 1.5 & MySQL Utilities 1.5\Doctrine extensions for PHP\;C:\WINDOWS\system32;C:\WINDOWS;C:\WINDOWS\System32\Wbem;C:\WINDOWS\System32\WindowsPowerShell\v1.0\;C:\Program Files\nodejs\;C:\Program Files\Git\cmd;C:\Android\android-sdk\tools;C:\Android\android-sdk\platform-tools;C:\Users\Steppo\AppData\Roaming\npm
USERNAME=Steppo
OS=Windows_NT
PROCESSOR_IDENTIFIER=Intel64 Family 6 Model 60 Stepping 3, GenuineIntel



---------------  S Y S T E M  ---------------

OS: Windows 10.0 , 64 bit Build 10586 (10.0.10586.0)

CPU:total 8 (4 cores per cpu, 2 threads per core) family 6 model 60 stepping 3, cmov, cx8, fxsr, mmx, sse, sse2, sse3, ssse3, sse4.1, sse4.2, popcnt, avx, avx2, aes, clmul, erms, lzcnt, ht, tsc, tscinvbit, bmi1, bmi2

Memory: 4k page, physical 16724008k(4538876k free), swap 16724008k(6388k free)

vm_info: Java HotSpot(TM) 64-Bit Server VM (25.66-b17) for windows-amd64 JRE (1.8.0_66-b17), built on Oct  6 2015 18:55:33 by "java_re" with MS VC++ 10.0 (VS2010)

time: Sun Jan 17 13:42:02 2016
elapsed time: 3 seconds (0d 0h 0m 3s)

