#
# There is insufficient memory for the Java Runtime Environment to continue.
# Native memory allocation (malloc) failed to allocate 1503776 bytes for Chunk::new
# Possible reasons:
#   The system is out of physical RAM or swap space
#   In 32 bit mode, the process size limit was hit
# Possible solutions:
#   Reduce memory load on the system
#   Increase physical memory or swap space
#   Check if swap backing store is full
#   Use 64 bit Java on a 64 bit OS
#   Decrease Java heap size (-Xmx/-Xms)
#   Decrease number of Java threads
#   Decrease Java thread stack sizes (-Xss)
#   Set larger code cache with -XX:ReservedCodeCacheSize=
# This output file may be truncated or incomplete.
#
#  Out of Memory Error (allocation.cpp:390), pid=4832, tid=12324
#
# JRE version: Java(TM) SE Runtime Environment (8.0_66-b17) (build 1.8.0_66-b17)
# Java VM: Java HotSpot(TM) 64-Bit Server VM (25.66-b17 mixed mode windows-amd64 compressed oops)
# Failed to write core dump. Minidumps are not enabled by default on client versions of Windows
#

---------------  T H R E A D  ---------------

Current thread (0x00000000170ad800):  JavaThread "C2 CompilerThread1" daemon [_thread_in_native, id=12324, stack(0x0000000017780000,0x0000000017880000)]

Stack: [0x0000000017780000,0x0000000017880000]
[error occurred during error reporting (printing stack bounds), id 0xc0000005]

Native frames: (J=compiled Java code, j=interpreted, Vv=VM code, C=native code)


Current CompileTask:
C2:    565 1527       4       com.android.dx.dex.code.OutputFinisher::addConstants (93 bytes)


---------------  P R O C E S S  ---------------

Java Threads: ( => current thread )
  0x000000001713c800 JavaThread "Service Thread" daemon [_thread_blocked, id=12520, stack(0x0000000017a80000,0x0000000017b80000)]
  0x00000000170b4800 JavaThread "C1 CompilerThread3" daemon [_thread_in_vm, id=1676, stack(0x0000000017980000,0x0000000017a80000)]
  0x00000000170af000 JavaThread "C2 CompilerThread2" daemon [_thread_in_native, id=9396, stack(0x0000000017880000,0x0000000017980000)]
=>0x00000000170ad800 JavaThread "C2 CompilerThread1" daemon [_thread_in_native, id=12324, stack(0x0000000017780000,0x0000000017880000)]
  0x00000000170a7000 JavaThread "C2 CompilerThread0" daemon [_thread_in_native, id=4708, stack(0x0000000017680000,0x0000000017780000)]
  0x00000000170a4800 JavaThread "Attach Listener" daemon [_thread_blocked, id=3728, stack(0x0000000017580000,0x0000000017680000)]
  0x00000000170a3800 JavaThread "Signal Dispatcher" daemon [_thread_blocked, id=8780, stack(0x0000000017480000,0x0000000017580000)]
  0x0000000002479000 JavaThread "Finalizer" daemon [_thread_blocked, id=11844, stack(0x0000000016e70000,0x0000000016f70000)]
  0x0000000002472000 JavaThread "Reference Handler" daemon [_thread_blocked, id=6948, stack(0x0000000016d70000,0x0000000016e70000)]
  0x000000000237d800 JavaThread "main" [_thread_in_Java, id=1320, stack(0x00000000021d0000,0x00000000022d0000)]

Other Threads:
  0x0000000014f99800 VMThread [stack: 0x0000000016c70000,0x0000000016d70000] [id=11428]
  0x00000000170d5800 WatcherThread [stack: 0x0000000017b80000,0x0000000017c80000] [id=3296]

VM state:not at safepoint (normal execution)

VM Mutex/Monitor currently owned by a thread: None

Heap:
 PSYoungGen      total 76288K, used 16044K [0x00000000eab00000, 0x00000000f4000000, 0x0000000100000000)
  eden space 65536K, 8% used [0x00000000eab00000,0x00000000eb02f378,0x00000000eeb00000)
  from space 10752K, 99% used [0x00000000eeb00000,0x00000000ef57bde8,0x00000000ef580000)
  to   space 10752K, 0% used [0x00000000f3580000,0x00000000f3580000,0x00000000f4000000)
 ParOldGen       total 175104K, used 3438K [0x00000000c0000000, 0x00000000cab00000, 0x00000000eab00000)
  object space 175104K, 1% used [0x00000000c0000000,0x00000000c035b860,0x00000000cab00000)
 Metaspace       used 6228K, capacity 7216K, committed 7296K, reserved 1056768K
  class space    used 601K, capacity 616K, committed 640K, reserved 1048576K

Card table byte_map: [0x0000000011840000,0x0000000011a50000] byte_map_base: 0x0000000011240000

Marking Bits: (ParMarkBitMap*) 0x000000005322a5b0
 Begin Bits: [0x00000000123b0000, 0x00000000133b0000)
 End Bits:   [0x00000000133b0000, 0x00000000143b0000)

Polling page: 0x0000000000420000

CodeCache: size=245760Kb used=6058Kb max_used=6058Kb free=239701Kb
 bounds [0x0000000002480000, 0x0000000002a80000, 0x0000000011480000]
 total_blobs=1882 nmethods=1620 adapters=175
 compilation: enabled

Compilation events (10 events):
Event: 0.563 Thread 0x00000000170b4800 nmethod 1635 0x0000000002a6d410 code [0x0000000002a6d5a0, 0x0000000002a6d958]
Event: 0.563 Thread 0x00000000170b4800 1636       3       com.android.dx.dex.code.OutputFinisher::assignIndices (61 bytes)
Event: 0.563 Thread 0x00000000170b4800 nmethod 1636 0x0000000002a6dad0 code [0x0000000002a6dce0, 0x0000000002a6ea58]
Event: 0.563 Thread 0x00000000170b4800 1637       3       com.android.dx.dex.code.InsnFormat::unsignedFitsInNibble (14 bytes)
Event: 0.563 Thread 0x00000000170b4800 nmethod 1637 0x0000000002a6f010 code [0x0000000002a6f160, 0x0000000002a6f2f0]
Event: 0.563 Thread 0x00000000170b4800 1638       3       com.android.dx.dex.file.OffsettedItem::place (78 bytes)
Event: 0.564 Thread 0x00000000170b4800 nmethod 1638 0x0000000002a6f390 code [0x0000000002a6f540, 0x0000000002a6fa58]
Event: 0.564 Thread 0x00000000170b4800 1639       3       com.android.dx.dex.code.InsnFormat::unsignedFitsInByte (15 bytes)
Event: 0.564 Thread 0x00000000170b4800 nmethod 1639 0x0000000002a6fc10 code [0x0000000002a6fd60, 0x0000000002a6fef0]
Event: 0.564 Thread 0x00000000170b4800 1640       3       com.android.dx.dex.code.OutputFinisher::align64bits (247 bytes)

GC Heap History (2 events):
Event: 0.480 GC heap before
{Heap before GC invocations=1 (full 0):
 PSYoungGen      total 76288K, used 65536K [0x00000000eab00000, 0x00000000f0000000, 0x0000000100000000)
  eden space 65536K, 100% used [0x00000000eab00000,0x00000000eeb00000,0x00000000eeb00000)
  from space 10752K, 0% used [0x00000000ef580000,0x00000000ef580000,0x00000000f0000000)
  to   space 10752K, 0% used [0x00000000eeb00000,0x00000000eeb00000,0x00000000ef580000)
 ParOldGen       total 175104K, used 0K [0x00000000c0000000, 0x00000000cab00000, 0x00000000eab00000)
  object space 175104K, 0% used [0x00000000c0000000,0x00000000c0000000,0x00000000cab00000)
 Metaspace       used 6018K, capacity 7088K, committed 7296K, reserved 1056768K
  class space    used 588K, capacity 616K, committed 640K, reserved 1048576K
Event: 0.490 GC heap after
Heap after GC invocations=1 (full 0):
 PSYoungGen      total 76288K, used 10735K [0x00000000eab00000, 0x00000000f4000000, 0x0000000100000000)
  eden space 65536K, 0% used [0x00000000eab00000,0x00000000eab00000,0x00000000eeb00000)
  from space 10752K, 99% used [0x00000000eeb00000,0x00000000ef57bde8,0x00000000ef580000)
  to   space 10752K, 0% used [0x00000000f3580000,0x00000000f3580000,0x00000000f4000000)
 ParOldGen       total 175104K, used 3438K [0x00000000c0000000, 0x00000000cab00000, 0x00000000eab00000)
  object space 175104K, 1% used [0x00000000c0000000,0x00000000c035b860,0x00000000cab00000)
 Metaspace       used 6018K, capacity 7088K, committed 7296K, reserved 1056768K
  class space    used 588K, capacity 616K, committed 640K, reserved 1048576K
}

Deoptimization events (10 events):
Event: 0.511 Thread 0x000000000237d800 Uncommon trap: reason=bimorphic action=maybe_recompile pc=0x00000000027254a0 method=java.util.HashMap.putVal(ILjava/lang/Object;Ljava/lang/Object;ZZ)Ljava/lang/Object; @ 91
Event: 0.511 Thread 0x000000000237d800 Uncommon trap: reason=bimorphic action=maybe_recompile pc=0x00000000027254a0 method=java.util.HashMap.putVal(ILjava/lang/Object;Ljava/lang/Object;ZZ)Ljava/lang/Object; @ 91
Event: 0.511 Thread 0x000000000237d800 Uncommon trap: reason=bimorphic action=maybe_recompile pc=0x00000000027254a0 method=java.util.HashMap.putVal(ILjava/lang/Object;Ljava/lang/Object;ZZ)Ljava/lang/Object; @ 91
Event: 0.511 Thread 0x000000000237d800 Uncommon trap: reason=bimorphic action=maybe_recompile pc=0x00000000027254a0 method=java.util.HashMap.putVal(ILjava/lang/Object;Ljava/lang/Object;ZZ)Ljava/lang/Object; @ 91
Event: 0.512 Thread 0x000000000237d800 Uncommon trap: reason=class_check action=maybe_recompile pc=0x0000000002950f80 method=java.util.HashMap.putVal(ILjava/lang/Object;Ljava/lang/Object;ZZ)Ljava/lang/Object; @ 203
Event: 0.512 Thread 0x000000000237d800 Uncommon trap: reason=class_check action=maybe_recompile pc=0x0000000002950f80 method=java.util.HashMap.putVal(ILjava/lang/Object;Ljava/lang/Object;ZZ)Ljava/lang/Object; @ 203
Event: 0.512 Thread 0x000000000237d800 Uncommon trap: reason=class_check action=maybe_recompile pc=0x0000000002950f80 method=java.util.HashMap.putVal(ILjava/lang/Object;Ljava/lang/Object;ZZ)Ljava/lang/Object; @ 203
Event: 0.512 Thread 0x000000000237d800 Uncommon trap: reason=class_check action=maybe_recompile pc=0x0000000002950f80 method=java.util.HashMap.putVal(ILjava/lang/Object;Ljava/lang/Object;ZZ)Ljava/lang/Object; @ 203
Event: 0.518 Thread 0x000000000237d800 Uncommon trap: reason=unstable_if action=reinterpret pc=0x0000000002a3c318 method=java.util.HashMap.putVal(ILjava/lang/Object;Ljava/lang/Object;ZZ)Ljava/lang/Object; @ 206
Event: 0.520 Thread 0x000000000237d800 Uncommon trap: reason=unstable_if action=reinterpret pc=0x0000000002a3ed28 method=java.util.HashMap.putVal(ILjava/lang/Object;Ljava/lang/Object;ZZ)Ljava/lang/Object; @ 94

Internal exceptions (3 events):
Event: 0.023 Thread 0x000000000237d800 Exception <a 'java/lang/NoSuchMethodError': Method sun.misc.Unsafe.defineClass(Ljava/lang/String;[BII)Ljava/lang/Class; name or signature does not match> (0x00000000eab0d968) thrown at [C:\re\workspace\8-2-build-windows-amd64-cygwin\jdk8u66\4988\hotspot\sr¡rVÿ—?
Event: 0.023 Thread 0x000000000237d800 Exception <a 'java/lang/NoSuchMethodError': Method sun.misc.Unsafe.prefetchRead(Ljava/lang/Object;J)V name or signature does not match> (0x00000000eab0dc50) thrown at [C:\re\workspace\8-2-build-windows-amd64-cygwin\jdk8u66\4988\hotspot\src\share\vm\prims\jæ«ÃÍæƒÙ?
Event: 0.399 Thread 0x000000001729c800 Implicit null exception at 0x00000000027079a2 to 0x0000000002707aa9

Events (10 events):
Event: 0.556 loading class com/android/dx/dex/code/LocalList$MakeState
Event: 0.556 loading class com/android/dx/dex/code/LocalList$MakeState done
Event: 0.556 loading class com/android/dx/dex/code/LocalList$Disposition
Event: 0.556 loading class com/android/dx/dex/code/LocalList$Disposition done
Event: 0.556 loading class com/android/dx/dex/code/LocalList$Entry
Event: 0.556 loading class com/android/dx/dex/code/LocalList$Entry done
Event: 0.557 loading class com/android/dx/dex/code/CatchHandlerList
Event: 0.557 loading class com/android/dx/dex/code/CatchHandlerList done
Event: 0.557 loading class com/android/dx/dex/code/CatchTable
Event: 0.557 loading class com/android/dx/dex/code/CatchTable done


Dynamic libraries:
0x00007ff629350000 - 0x00007ff629387000 	C:\Program Files (x86)\Java\jdk1.8.0_66\bin\java.exe
0x00007ffaab1c0000 - 0x00007ffaab381000 	C:\WINDOWS\SYSTEM32\ntdll.dll
0x00007ffaa8b50000 - 0x00007ffaa8bfd000 	C:\WINDOWS\system32\KERNEL32.DLL
0x00007ffaa8210000 - 0x00007ffaa83f8000 	C:\WINDOWS\system32\KERNELBASE.dll
0x00007ffaa85a0000 - 0x00007ffaa8647000 	C:\WINDOWS\system32\ADVAPI32.dll
0x00007ffaa9600000 - 0x00007ffaa969d000 	C:\WINDOWS\system32\msvcrt.dll
0x00007ffaa86c0000 - 0x00007ffaa871b000 	C:\WINDOWS\system32\sechost.dll
0x00007ffaaacb0000 - 0x00007ffaaadcc000 	C:\WINDOWS\system32\RPCRT4.dll
0x00007ffaa9440000 - 0x00007ffaa9596000 	C:\WINDOWS\system32\USER32.dll
0x00007ffaa8c00000 - 0x00007ffaa8d86000 	C:\WINDOWS\system32\GDI32.dll
0x00007ffa92610000 - 0x00007ffa92884000 	C:\WINDOWS\WinSxS\amd64_microsoft.windows.common-controls_6595b64144ccf1df_6.0.10586.0_none_8c15ae12515e1c22\COMCTL32.dll
0x00007ffaa91c0000 - 0x00007ffaa943d000 	C:\WINDOWS\system32\combase.dll
0x00007ffaa84b0000 - 0x00007ffaa851a000 	C:\WINDOWS\system32\bcryptPrimitives.dll
0x00007ffaaac70000 - 0x00007ffaaacab000 	C:\WINDOWS\system32\IMM32.DLL
0x0000000050860000 - 0x0000000050932000 	C:\Program Files (x86)\Java\jdk1.8.0_66\jre\bin\msvcr100.dll
0x0000000052a20000 - 0x00000000532a9000 	C:\Program Files (x86)\Java\jdk1.8.0_66\jre\bin\server\jvm.dll
0x00007ffaa8e80000 - 0x00007ffaa8e88000 	C:\WINDOWS\system32\PSAPI.DLL
0x00007ffaa03b0000 - 0x00007ffaa03b9000 	C:\WINDOWS\SYSTEM32\WSOCK32.dll
0x00007ffaa5960000 - 0x00007ffaa5983000 	C:\WINDOWS\SYSTEM32\WINMM.dll
0x00007ffaa3af0000 - 0x00007ffaa3afa000 	C:\WINDOWS\SYSTEM32\VERSION.dll
0x00007ffaaadd0000 - 0x00007ffaaae3b000 	C:\WINDOWS\system32\WS2_32.dll
0x00007ffaa5900000 - 0x00007ffaa592c000 	C:\WINDOWS\SYSTEM32\WINMMBASE.dll
0x00007ffaa7ae0000 - 0x00007ffaa7b23000 	C:\WINDOWS\system32\cfgmgr32.dll
0x0000000052a10000 - 0x0000000052a1f000 	C:\Program Files (x86)\Java\jdk1.8.0_66\jre\bin\verify.dll
0x00000000529e0000 - 0x0000000052a09000 	C:\Program Files (x86)\Java\jdk1.8.0_66\jre\bin\java.dll
0x00000000529c0000 - 0x00000000529d6000 	C:\Program Files (x86)\Java\jdk1.8.0_66\jre\bin\zip.dll
0x00007ffaa9710000 - 0x00007ffaaac6f000 	C:\WINDOWS\system32\SHELL32.dll
0x00007ffaa7b30000 - 0x00007ffaa8174000 	C:\WINDOWS\system32\windows.storage.dll
0x00007ffaa95a0000 - 0x00007ffaa95f2000 	C:\WINDOWS\system32\shlwapi.dll
0x00007ffaa77c0000 - 0x00007ffaa77cf000 	C:\WINDOWS\system32\kernel.appcore.dll
0x00007ffaa7a20000 - 0x00007ffaa7ad5000 	C:\WINDOWS\system32\shcore.dll
0x00007ffaa77d0000 - 0x00007ffaa781b000 	C:\WINDOWS\system32\powrprof.dll
0x00007ffaa7820000 - 0x00007ffaa7834000 	C:\WINDOWS\system32\profapi.dll

VM Arguments:
jvm_args: -Djava.awt.headless=true -Xmx1024M -Dfile.encoding=windows-1252 -Duser.country=DE -Duser.language=de -Duser.variant 
java_command: com.android.dx.command.Main --dex --num-threads=4 --output C:\Users\Steppo\AndroidStudioProjects\Zapp\app\build\intermediates\pre-dexed\debug\debug_3d4fd8e3d3d108aa040fb17f464c9732f7104445.jar C:\Users\Steppo\AndroidStudioProjects\Zapp\app\build\intermediates\classes\debug
java_class_path (initial): C:\Android\android-sdk\build-tools\23.0.2\lib\dx.jar
Launcher Type: SUN_STANDARD

Environment Variables:
JAVA_HOME=C:\Program Files (x86)\Java\jdk1.8.0_66
PATH=C:\ProgramData\Oracle\Java\javapath;C:\Program Files (x86)\Intel\iCLS Client\;C:\Program Files\Intel\iCLS Client\;C:\Windows\system32;C:\Windows;C:\Windows\System32\Wbem;C:\Windows\System32\WindowsPowerShell\v1.0\;C:\Program Files (x86)\Git\cmd;C:\Program Files (x86)\Git\bin;C:\Program Files (x86)\Skype\Phone\;C:\WINDOWS\system32;C:\WINDOWS;C:\WINDOWS\System32\Wbem;C:\WINDOWS\System32\WindowsPowerShell\v1.0\;C:\Program Files\Intel\Intel(R) Management Engine Components\DAL;C:\Program Files\Intel\Intel(R) Management Engine Components\IPT;C:\Program Files (x86)\NVIDIA Corporation\PhysX\Common;C:\Program Files (x86)\AMD\ATI.ACE\Core-Static;C:\Program Files (x86)\Java\jdk1.8.0_66/bin;C:\Program Files (x86)\MySQL\MySQL Fabric 1.5 & MySQL Utilities 1.5\;C:\Program Files (x86)\MySQL\MySQL Fabric 1.5 & MySQL Utilities 1.5\Doctrine extensions for PHP\;C:\WINDOWS\system32;C:\WINDOWS;C:\WINDOWS\System32\Wbem;C:\WINDOWS\System32\WindowsPowerShell\v1.0\;C:\Program Files\nodejs\;C:\Program Files\Git\cmd;C:\Android\android-sdk\tools;C:\Android\android-sdk\platform-tools;C:\Users\Steppo\AppData\Roaming\npm
USERNAME=Steppo
OS=Windows_NT
PROCESSOR_IDENTIFIER=Intel64 Family 6 Model 60 Stepping 3, GenuineIntel



---------------  S Y S T E M  ---------------

OS: Windows 10.0 , 64 bit Build 10586 (10.0.10586.0)

CPU:total 8 (4 cores per cpu, 2 threads per core) family 6 model 60 stepping 3, cmov, cx8, fxsr, mmx, sse, sse2, sse3, ssse3, sse4.1, sse4.2, popcnt, avx, avx2, aes, clmul, erms, lzcnt, ht, tsc, tscinvbit, bmi1, bmi2

Memory: 4k page, physical 16724008k(5966260k free), swap 16724008k(5236k free)

vm_info: Java HotSpot(TM) 64-Bit Server VM (25.66-b17) for windows-amd64 JRE (1.8.0_66-b17), built on Oct  6 2015 18:55:33 by "java_re" with MS VC++ 10.0 (VS2010)

time: Wed Jan 13 21:48:44 2016
elapsed time: 0 seconds (0d 0h 0m 0s)

