#
# There is insufficient memory for the Java Runtime Environment to continue.
# Native memory allocation (malloc) failed to allocate 807856 bytes for Chunk::new
# Possible reasons:
#   The system is out of physical RAM or swap space
#   In 32 bit mode, the process size limit was hit
# Possible solutions:
#   Reduce memory load on the system
#   Increase physical memory or swap space
#   Check if swap backing store is full
#   Use 64 bit Java on a 64 bit OS
#   Decrease Java heap size (-Xmx/-Xms)
#   Decrease number of Java threads
#   Decrease Java thread stack sizes (-Xss)
#   Set larger code cache with -XX:ReservedCodeCacheSize=
# This output file may be truncated or incomplete.
#
#  Out of Memory Error (allocation.cpp:390), pid=6972, tid=8524
#
# JRE version: Java(TM) SE Runtime Environment (8.0_66-b17) (build 1.8.0_66-b17)
# Java VM: Java HotSpot(TM) 64-Bit Server VM (25.66-b17 mixed mode windows-amd64 compressed oops)
# Failed to write core dump. Minidumps are not enabled by default on client versions of Windows
#

---------------  T H R E A D  ---------------

Current thread (0x0000000016f55800):  JavaThread "C2 CompilerThread1" daemon [_thread_in_native, id=8524, stack(0x00000000175d0000,0x00000000176d0000)]

Stack: [0x00000000175d0000,0x00000000176d0000]
[error occurred during error reporting (printing stack bounds), id 0xc0000005]

Native frames: (J=compiled Java code, j=interpreted, Vv=VM code, C=native code)


Current CompileTask:
C2:   2700 1269       4       com.android.dx.ssa.SCCP::simulatePhi (169 bytes)


---------------  P R O C E S S  ---------------

Java Threads: ( => current thread )
  0x00000000171f1000 JavaThread "pool-1-thread-4" [_thread_blocked, id=10656, stack(0x0000000017ed0000,0x0000000017fd0000)]
  0x00000000171ea800 JavaThread "pool-1-thread-3" [_thread_blocked, id=9188, stack(0x0000000017dd0000,0x0000000017ed0000)]
  0x00000000171e7000 JavaThread "pool-1-thread-2" [_thread_blocked, id=9252, stack(0x0000000017cd0000,0x0000000017dd0000)]
  0x00000000171e4000 JavaThread "pool-2-thread-1" [_thread_blocked, id=10232, stack(0x0000000017bd0000,0x0000000017cd0000)]
  0x00000000171e2000 JavaThread "pool-1-thread-1" [_thread_in_Java, id=13308, stack(0x0000000017ad0000,0x0000000017bd0000)]
  0x0000000016f61800 JavaThread "Service Thread" daemon [_thread_blocked, id=10100, stack(0x00000000178d0000,0x00000000179d0000)]
  0x0000000016f5c000 JavaThread "C1 CompilerThread3" daemon [_thread_blocked, id=5348, stack(0x00000000177d0000,0x00000000178d0000)]
  0x0000000016f57800 JavaThread "C2 CompilerThread2" daemon [_thread_in_native, id=12104, stack(0x00000000176d0000,0x00000000177d0000)]
=>0x0000000016f55800 JavaThread "C2 CompilerThread1" daemon [_thread_in_native, id=8524, stack(0x00000000175d0000,0x00000000176d0000)]
  0x0000000016ef6800 JavaThread "C2 CompilerThread0" daemon [_thread_in_native, id=8224, stack(0x00000000174d0000,0x00000000175d0000)]
  0x0000000016ef5000 JavaThread "Attach Listener" daemon [_thread_blocked, id=5520, stack(0x00000000173d0000,0x00000000174d0000)]
  0x0000000016ef4800 JavaThread "Signal Dispatcher" daemon [_thread_blocked, id=8884, stack(0x00000000172d0000,0x00000000173d0000)]
  0x00000000022c3800 JavaThread "Finalizer" daemon [_thread_blocked, id=900, stack(0x0000000016cc0000,0x0000000016dc0000)]
  0x00000000022c2000 JavaThread "Reference Handler" daemon [_thread_blocked, id=7532, stack(0x0000000016bc0000,0x0000000016cc0000)]
  0x00000000008fd800 JavaThread "main" [_thread_in_Java, id=8084, stack(0x0000000002040000,0x0000000002140000)]

Other Threads:
  0x0000000014de9800 VMThread [stack: 0x0000000016ac0000,0x0000000016bc0000] [id=3880]
  0x0000000016f76800 WatcherThread [stack: 0x00000000179d0000,0x0000000017ad0000] [id=9444]

VM state:not at safepoint (normal execution)

VM Mutex/Monitor currently owned by a thread: None

Heap:
 PSYoungGen      total 76288K, used 53760K [0x00000000eab00000, 0x00000000f0000000, 0x0000000100000000)
  eden space 65536K, 82% used [0x00000000eab00000,0x00000000edf803f0,0x00000000eeb00000)
  from space 10752K, 0% used [0x00000000ef580000,0x00000000ef580000,0x00000000f0000000)
  to   space 10752K, 0% used [0x00000000eeb00000,0x00000000eeb00000,0x00000000ef580000)
 ParOldGen       total 175104K, used 0K [0x00000000c0000000, 0x00000000cab00000, 0x00000000eab00000)
  object space 175104K, 0% used [0x00000000c0000000,0x00000000c0000000,0x00000000cab00000)
 Metaspace       used 6059K, capacity 6960K, committed 7040K, reserved 1056768K
  class space    used 600K, capacity 616K, committed 640K, reserved 1048576K

Card table byte_map: [0x0000000011690000,0x00000000118a0000] byte_map_base: 0x0000000011090000

Marking Bits: (ParMarkBitMap*) 0x00000000515ca5b0
 Begin Bits: [0x0000000012200000, 0x0000000013200000)
 End Bits:   [0x0000000013200000, 0x0000000014200000)

Polling page: 0x0000000000890000

CodeCache: size=245760Kb used=5289Kb max_used=5289Kb free=240470Kb
 bounds [0x00000000022d0000, 0x0000000002800000, 0x00000000112d0000]
 total_blobs=1557 nmethods=1288 adapters=182
 compilation: enabled

Compilation events (10 events):
Event: 2.683 Thread 0x0000000016f5c000 1303       3       com.android.dx.dex.file.MemberIdItem::<init> (14 bytes)
Event: 2.684 Thread 0x0000000016f5c000 nmethod 1303 0x00000000027fdb10 code [0x00000000027fdca0, 0x00000000027fe148]
Event: 2.684 Thread 0x0000000016f5c000 1300       3       com.android.dx.ssa.SsaMethod$2::visitPhiInsn (6 bytes)
Event: 2.684 Thread 0x0000000016f5c000 nmethod 1300 0x00000000027d5510 code [0x00000000027d5680, 0x00000000027d5808]
Event: 2.684 Thread 0x0000000016f5c000 1292       3       com.android.dx.ssa.SsaMethod$1::visitPhiInsn (17 bytes)
Event: 2.684 Thread 0x0000000016f5c000 nmethod 1292 0x00000000027fe390 code [0x00000000027fe500, 0x00000000027fe8f0]
Event: 2.684 Thread 0x0000000016f5c000 1295       3       com.android.dx.rop.code.RegisterSpec::withType (13 bytes)
Event: 2.684 Thread 0x0000000016f5c000 nmethod 1295 0x00000000027fea90 code [0x00000000027fec00, 0x00000000027fede8]
Event: 2.684 Thread 0x0000000016f5c000 1296       3       java.util.TreeMap::<init> (20 bytes)
Event: 2.684 Thread 0x0000000016f5c000 nmethod 1296 0x00000000027feed0 code [0x00000000027ff040, 0x00000000027ff270]

GC Heap History (0 events):
No events

Deoptimization events (10 events):
Event: 1.358 Thread 0x00000000008fd800 Uncommon trap: reason=unstable_if action=reinterpret pc=0x0000000002500880 method=java.util.HashMap.getNode(ILjava/lang/Object;)Ljava/util/HashMap$Node; @ 62
Event: 1.374 Thread 0x00000000008fd800 Uncommon trap: reason=unstable_if action=reinterpret pc=0x0000000002519070 method=java.util.BitSet.nextSetBit(I)I @ 87
Event: 2.149 Thread 0x00000000171e2000 Uncommon trap: reason=class_check action=maybe_recompile pc=0x0000000002596b94 method=com.android.dx.ssa.NormalSsaInsn.accept(Lcom/android/dx/ssa/SsaInsn$Visitor;)V @ 9
Event: 2.149 Thread 0x00000000171e2000 Uncommon trap: reason=class_check action=maybe_recompile pc=0x0000000002526130 method=com.android.dx.ssa.NormalSsaInsn.accept(Lcom/android/dx/ssa/SsaInsn$Visitor;)V @ 9
Event: 2.167 Thread 0x00000000171e2000 Uncommon trap: reason=class_check action=maybe_recompile pc=0x0000000002596b94 method=com.android.dx.ssa.NormalSsaInsn.accept(Lcom/android/dx/ssa/SsaInsn$Visitor;)V @ 9
Event: 2.168 Thread 0x00000000171e2000 Uncommon trap: reason=class_check action=maybe_recompile pc=0x0000000002596b94 method=com.android.dx.ssa.NormalSsaInsn.accept(Lcom/android/dx/ssa/SsaInsn$Visitor;)V @ 9
Event: 2.168 Thread 0x00000000171e2000 Uncommon trap: reason=class_check action=maybe_recompile pc=0x0000000002526130 method=com.android.dx.ssa.NormalSsaInsn.accept(Lcom/android/dx/ssa/SsaInsn$Visitor;)V @ 9
Event: 2.264 Thread 0x00000000008fd800 Uncommon trap: reason=null_check action=make_not_entrant pc=0x00000000025bad00 method=com.android.dx.ssa.SsaRenamer.getLocalForNewReg(I)Lcom/android/dx/rop/code/LocalItem; @ 19
Event: 2.264 Thread 0x00000000008fd800 Uncommon trap: reason=null_check action=make_not_entrant pc=0x00000000025c4364 method=com.android.dx.ssa.SsaRenamer.getLocalForNewReg(I)Lcom/android/dx/rop/code/LocalItem; @ 19
Event: 2.600 Thread 0x00000000171f1000 Uncommon trap: reason=unstable_if action=reinterpret pc=0x0000000002678e9c method=com.android.dx.ssa.SsaMethod.updateOneDefinition(Lcom/android/dx/ssa/SsaInsn;Lcom/android/dx/rop/code/RegisterSpec;)V @ 4

Internal exceptions (4 events):
Event: 0.236 Thread 0x00000000008fd800 Exception <a 'java/lang/NoSuchMethodError': Method sun.misc.Unsafe.defineClass(Ljava/lang/String;[BII)Ljava/lang/Class; name or signature does not match> (0x00000000eab0db88) thrown at [C:\re\workspace\8-2-build-windows-amd64-cygwin\jdk8u66\4988\hotspot\sró¿»°9Î?
Event: 0.236 Thread 0x00000000008fd800 Exception <a 'java/lang/NoSuchMethodError': Method sun.misc.Unsafe.prefetchRead(Ljava/lang/Object;J)V name or signature does not match> (0x00000000eab0de70) thrown at [C:\re\workspace\8-2-build-windows-amd64-cygwin\jdk8u66\4988\hotspot\src\share\vm\prims\jýŠ#if@
Event: 2.264 Thread 0x00000000008fd800 Implicit null exception at 0x00000000025ba06a to 0x00000000025bacb5
Event: 2.264 Thread 0x00000000008fd800 Implicit null exception at 0x00000000025c2ad1 to 0x00000000025c433d

Events (10 events):
Event: 2.557 Thread 0x00000000171f1000 DEOPT UNPACKING pc=0x000000000231787f sp=0x0000000017fceb70 mode 0
Event: 2.580 loading class com/android/dx/cf/attrib/AttDeprecated
Event: 2.580 loading class com/android/dx/cf/attrib/AttDeprecated done
Event: 2.580 loading class com/android/dx/cf/attrib/AttRuntimeVisibleAnnotations
Event: 2.580 loading class com/android/dx/cf/attrib/AttRuntimeVisibleAnnotations done
Event: 2.599 loading class com/android/dx/rop/code/RegOps
Event: 2.599 loading class com/android/dx/rop/code/RegOps done
Event: 2.600 Thread 0x00000000171f1000 Uncommon trap: trap_request=0xffffff65 fr.pc=0x0000000002678e9c
Event: 2.600 Thread 0x00000000171f1000 DEOPT PACKING pc=0x0000000002678e9c sp=0x0000000017fcec80
Event: 2.600 Thread 0x00000000171f1000 DEOPT UNPACKING pc=0x000000000231582a sp=0x0000000017fcec28 mode 2


Dynamic libraries:
0x00007ff7503a0000 - 0x00007ff7503d7000 	C:\Program Files (x86)\Java\jdk1.8.0_66\bin\java.exe
0x00007ffaab1c0000 - 0x00007ffaab381000 	C:\WINDOWS\SYSTEM32\ntdll.dll
0x00007ffaa8b50000 - 0x00007ffaa8bfd000 	C:\WINDOWS\system32\KERNEL32.DLL
0x00007ffaa8210000 - 0x00007ffaa83f8000 	C:\WINDOWS\system32\KERNELBASE.dll
0x00007ffaa85a0000 - 0x00007ffaa8647000 	C:\WINDOWS\system32\ADVAPI32.dll
0x00007ffaa9600000 - 0x00007ffaa969d000 	C:\WINDOWS\system32\msvcrt.dll
0x00007ffaa86c0000 - 0x00007ffaa871b000 	C:\WINDOWS\system32\sechost.dll
0x00007ffaaacb0000 - 0x00007ffaaadcc000 	C:\WINDOWS\system32\RPCRT4.dll
0x00007ffaa9440000 - 0x00007ffaa9596000 	C:\WINDOWS\system32\USER32.dll
0x00007ffaa8c00000 - 0x00007ffaa8d86000 	C:\WINDOWS\system32\GDI32.dll
0x00007ffa92610000 - 0x00007ffa92884000 	C:\WINDOWS\WinSxS\amd64_microsoft.windows.common-controls_6595b64144ccf1df_6.0.10586.0_none_8c15ae12515e1c22\COMCTL32.dll
0x00007ffaa91c0000 - 0x00007ffaa943d000 	C:\WINDOWS\system32\combase.dll
0x00007ffaa84b0000 - 0x00007ffaa851a000 	C:\WINDOWS\system32\bcryptPrimitives.dll
0x00007ffaaac70000 - 0x00007ffaaacab000 	C:\WINDOWS\system32\IMM32.DLL
0x0000000051650000 - 0x0000000051722000 	C:\Program Files (x86)\Java\jdk1.8.0_66\jre\bin\msvcr100.dll
0x0000000050dc0000 - 0x0000000051649000 	C:\Program Files (x86)\Java\jdk1.8.0_66\jre\bin\server\jvm.dll
0x00007ffaa8e80000 - 0x00007ffaa8e88000 	C:\WINDOWS\system32\PSAPI.DLL
0x00007ffaa03b0000 - 0x00007ffaa03b9000 	C:\WINDOWS\SYSTEM32\WSOCK32.dll
0x00007ffaa5960000 - 0x00007ffaa5983000 	C:\WINDOWS\SYSTEM32\WINMM.dll
0x00007ffaa3af0000 - 0x00007ffaa3afa000 	C:\WINDOWS\SYSTEM32\VERSION.dll
0x00007ffaaadd0000 - 0x00007ffaaae3b000 	C:\WINDOWS\system32\WS2_32.dll
0x00007ffaa5900000 - 0x00007ffaa592c000 	C:\WINDOWS\SYSTEM32\WINMMBASE.dll
0x00007ffaa7ae0000 - 0x00007ffaa7b23000 	C:\WINDOWS\system32\cfgmgr32.dll
0x0000000050db0000 - 0x0000000050dbf000 	C:\Program Files (x86)\Java\jdk1.8.0_66\jre\bin\verify.dll
0x0000000050d80000 - 0x0000000050da9000 	C:\Program Files (x86)\Java\jdk1.8.0_66\jre\bin\java.dll
0x0000000050d60000 - 0x0000000050d76000 	C:\Program Files (x86)\Java\jdk1.8.0_66\jre\bin\zip.dll
0x00007ffaa9710000 - 0x00007ffaaac6f000 	C:\WINDOWS\system32\SHELL32.dll
0x00007ffaa7b30000 - 0x00007ffaa8174000 	C:\WINDOWS\system32\windows.storage.dll
0x00007ffaa95a0000 - 0x00007ffaa95f2000 	C:\WINDOWS\system32\shlwapi.dll
0x00007ffaa77c0000 - 0x00007ffaa77cf000 	C:\WINDOWS\system32\kernel.appcore.dll
0x00007ffaa7a20000 - 0x00007ffaa7ad5000 	C:\WINDOWS\system32\shcore.dll
0x00007ffaa77d0000 - 0x00007ffaa781b000 	C:\WINDOWS\system32\powrprof.dll
0x00007ffaa7820000 - 0x00007ffaa7834000 	C:\WINDOWS\system32\profapi.dll

VM Arguments:
jvm_args: -Djava.awt.headless=true -Xmx1024M -Dfile.encoding=windows-1252 -Duser.country=DE -Duser.language=de -Duser.variant 
java_command: com.android.dx.command.Main --dex --num-threads=4 --output C:\Users\Steppo\AndroidStudioProjects\Zapp\app\build\intermediates\pre-dexed\debug\realm-android-0.87.2_5819f61e7326c4e9069338a8ae752476df591463.jar C:\Users\Steppo\.gradle\caches\modules-2\files-2.1\io.realm\realm-android\0.87.2\b2ab753fd2c316f3fb5f4cfbf56641449935c316\realm-android-0.87.2.jar
java_class_path (initial): C:\Android\android-sdk\build-tools\23.0.2\lib\dx.jar
Launcher Type: SUN_STANDARD

Environment Variables:
JAVA_HOME=C:\Program Files (x86)\Java\jdk1.8.0_66
PATH=C:\ProgramData\Oracle\Java\javapath;C:\Program Files (x86)\Intel\iCLS Client\;C:\Program Files\Intel\iCLS Client\;C:\Windows\system32;C:\Windows;C:\Windows\System32\Wbem;C:\Windows\System32\WindowsPowerShell\v1.0\;C:\Program Files (x86)\Git\cmd;C:\Program Files (x86)\Git\bin;C:\Program Files (x86)\Skype\Phone\;C:\WINDOWS\system32;C:\WINDOWS;C:\WINDOWS\System32\Wbem;C:\WINDOWS\System32\WindowsPowerShell\v1.0\;C:\Program Files\Intel\Intel(R) Management Engine Components\DAL;C:\Program Files\Intel\Intel(R) Management Engine Components\IPT;C:\Program Files (x86)\NVIDIA Corporation\PhysX\Common;C:\Program Files (x86)\AMD\ATI.ACE\Core-Static;C:\Program Files (x86)\Java\jdk1.8.0_66/bin;C:\Program Files (x86)\MySQL\MySQL Fabric 1.5 & MySQL Utilities 1.5\;C:\Program Files (x86)\MySQL\MySQL Fabric 1.5 & MySQL Utilities 1.5\Doctrine extensions for PHP\;C:\WINDOWS\system32;C:\WINDOWS;C:\WINDOWS\System32\Wbem;C:\WINDOWS\System32\WindowsPowerShell\v1.0\;C:\Program Files\nodejs\;C:\Program Files\Git\cmd;C:\Android\android-sdk\tools;C:\Android\android-sdk\platform-tools;C:\Users\Steppo\AppData\Roaming\npm
USERNAME=Steppo
OS=Windows_NT
PROCESSOR_IDENTIFIER=Intel64 Family 6 Model 60 Stepping 3, GenuineIntel



---------------  S Y S T E M  ---------------

OS: Windows 10.0 , 64 bit Build 10586 (10.0.10586.0)

CPU:total 8 (4 cores per cpu, 2 threads per core) family 6 model 60 stepping 3, cmov, cx8, fxsr, mmx, sse, sse2, sse3, ssse3, sse4.1, sse4.2, popcnt, avx, avx2, aes, clmul, erms, lzcnt, ht, tsc, tscinvbit, bmi1, bmi2

Memory: 4k page, physical 16724008k(4556632k free), swap 16724008k(5640k free)

vm_info: Java HotSpot(TM) 64-Bit Server VM (25.66-b17) for windows-amd64 JRE (1.8.0_66-b17), built on Oct  6 2015 18:55:33 by "java_re" with MS VC++ 10.0 (VS2010)

time: Sun Jan 17 13:42:02 2016
elapsed time: 2 seconds (0d 0h 0m 2s)

